mode: set
github.com/substantialcattle5/sietch/internal/discover/discovery_util.go:17.140,18.61 1 1
github.com/substantialcattle5/sietch/internal/discover/discovery_util.go:18.61,20.17 2 0
github.com/substantialcattle5/sietch/internal/discover/discovery_util.go:20.17,22.4 1 0
github.com/substantialcattle5/sietch/internal/discover/discovery_util.go:24.3,25.17 2 0
github.com/substantialcattle5/sietch/internal/discover/discovery_util.go:25.17,27.4 1 0
github.com/substantialcattle5/sietch/internal/discover/discovery_util.go:29.3,30.26 2 0
github.com/substantialcattle5/sietch/internal/discover/discovery_util.go:31.8,33.17 2 1
github.com/substantialcattle5/sietch/internal/discover/discovery_util.go:33.17,35.4 1 0
github.com/substantialcattle5/sietch/internal/discover/discovery_util.go:37.3,38.26 2 1
github.com/substantialcattle5/sietch/internal/discover/discovery_util.go:42.105,46.16 3 0
github.com/substantialcattle5/sietch/internal/discover/discovery_util.go:46.16,48.3 1 0
github.com/substantialcattle5/sietch/internal/discover/discovery_util.go:50.2,51.9 2 0
github.com/substantialcattle5/sietch/internal/discover/discovery_util.go:51.9,53.3 1 0
github.com/substantialcattle5/sietch/internal/discover/discovery_util.go:55.2,55.49 1 0
github.com/substantialcattle5/sietch/internal/discover/discovery_util.go:55.49,57.3 1 0
github.com/substantialcattle5/sietch/internal/discover/discovery_util.go:59.2,59.60 1 0
github.com/substantialcattle5/sietch/internal/discover/discovery_util.go:65.9,67.17 2 0
github.com/substantialcattle5/sietch/internal/discover/discovery_util.go:67.17,70.3 2 0
github.com/substantialcattle5/sietch/internal/discover/discovery_util.go:70.8,73.3 2 0
github.com/substantialcattle5/sietch/internal/discover/discovery_util.go:75.2,78.6 3 0
github.com/substantialcattle5/sietch/internal/discover/discovery_util.go:78.6,79.10 1 0
github.com/substantialcattle5/sietch/internal/discover/discovery_util.go:80.28,81.11 1 0
github.com/substantialcattle5/sietch/internal/discover/discovery_util.go:81.11,83.5 1 0
github.com/substantialcattle5/sietch/internal/discover/discovery_util.go:85.4,85.56 1 0
github.com/substantialcattle5/sietch/internal/discover/discovery_util.go:85.56,86.13 1 0
github.com/substantialcattle5/sietch/internal/discover/discovery_util.go:89.4,92.59 3 0
github.com/substantialcattle5/sietch/internal/discover/discovery_util.go:94.22,96.22 2 0
github.com/substantialcattle5/sietch/internal/discover/discovery_util.go:96.22,98.5 1 0
github.com/substantialcattle5/sietch/internal/discover/discovery_util.go:98.10,100.5 1 0
github.com/substantialcattle5/sietch/internal/discover/discovery_util.go:101.4,101.14 1 0
github.com/substantialcattle5/sietch/internal/discover/discovery_util.go:103.21,104.22 1 0
github.com/substantialcattle5/sietch/internal/discover/discovery_util.go:104.22,106.5 1 0
github.com/substantialcattle5/sietch/internal/discover/discovery_util.go:106.10,108.5 1 0
github.com/substantialcattle5/sietch/internal/discover/discovery_util.go:109.4,109.14 1 0
github.com/substantialcattle5/sietch/internal/discover/discovery_util.go:117.3,121.31 4 1
github.com/substantialcattle5/sietch/internal/discover/discovery_util.go:121.31,123.3 1 1
github.com/substantialcattle5/sietch/internal/discover/discovery_util.go:125.2,130.49 4 1
github.com/substantialcattle5/sietch/internal/discover/discovery_util.go:130.49,133.3 2 1
github.com/substantialcattle5/sietch/internal/discover/discovery_util.go:135.2,136.16 2 0
github.com/substantialcattle5/sietch/internal/discover/discovery_util.go:136.16,139.3 2 0
github.com/substantialcattle5/sietch/internal/discover/discovery_util.go:141.2,141.13 1 0
github.com/substantialcattle5/sietch/internal/discover/discovery_util.go:141.13,152.32 5 0
github.com/substantialcattle5/sietch/internal/discover/discovery_util.go:152.32,154.4 1 0
github.com/substantialcattle5/sietch/internal/discover/discovery_util.go:156.3,156.63 1 0
github.com/substantialcattle5/sietch/internal/discover/discovery_util.go:156.63,159.4 2 0
github.com/substantialcattle5/sietch/internal/discover/discovery_util.go:161.3,161.21 1 0
github.com/substantialcattle5/sietch/internal/discover/discovery_util.go:161.21,163.4 1 0
github.com/substantialcattle5/sietch/internal/discover/discovery_util.go:163.9,165.4 1 0
github.com/substantialcattle5/sietch/internal/discover/discovery_util.go:166.8,168.3 1 0
github.com/substantialcattle5/sietch/internal/encryption/chachaencryption/chachakey/chachaKeys.go:20.97,29.40 2 1
github.com/substantialcattle5/sietch/internal/encryption/chachaencryption/chachakey/chachaKeys.go:29.40,31.3 1 1
github.com/substantialcattle5/sietch/internal/encryption/chachaencryption/chachakey/chachaKeys.go:34.2,35.65 2 1
github.com/substantialcattle5/sietch/internal/encryption/chachaencryption/chachakey/chachaKeys.go:35.65,37.3 1 0
github.com/substantialcattle5/sietch/internal/encryption/chachaencryption/chachakey/chachaKeys.go:40.2,44.40 3 1
github.com/substantialcattle5/sietch/internal/encryption/chachaencryption/chachakey/chachaKeys.go:44.40,45.23 1 1
github.com/substantialcattle5/sietch/internal/encryption/chachaencryption/chachakey/chachaKeys.go:45.23,47.4 1 1
github.com/substantialcattle5/sietch/internal/encryption/chachaencryption/chachakey/chachaKeys.go:50.3,51.59 2 1
github.com/substantialcattle5/sietch/internal/encryption/chachaencryption/chachakey/chachaKeys.go:51.59,53.4 1 0
github.com/substantialcattle5/sietch/internal/encryption/chachaencryption/chachakey/chachaKeys.go:55.3,62.61 5 1
github.com/substantialcattle5/sietch/internal/encryption/chachaencryption/chachakey/chachaKeys.go:62.61,71.18 2 1
github.com/substantialcattle5/sietch/internal/encryption/chachaencryption/chachakey/chachaKeys.go:71.18,73.5 1 0
github.com/substantialcattle5/sietch/internal/encryption/chachaencryption/chachakey/chachaKeys.go:74.9,76.4 1 0
github.com/substantialcattle5/sietch/internal/encryption/chachaencryption/chachakey/chachaKeys.go:79.3,80.17 2 1
github.com/substantialcattle5/sietch/internal/encryption/chachaencryption/chachakey/chachaKeys.go:80.17,82.4 1 0
github.com/substantialcattle5/sietch/internal/encryption/chachaencryption/chachakey/chachaKeys.go:84.3,85.60 2 1
github.com/substantialcattle5/sietch/internal/encryption/chachaencryption/chachakey/chachaKeys.go:85.60,87.4 1 0
github.com/substantialcattle5/sietch/internal/encryption/chachaencryption/chachakey/chachaKeys.go:89.3,93.78 3 1
github.com/substantialcattle5/sietch/internal/encryption/chachaencryption/chachakey/chachaKeys.go:93.78,95.4 1 0
github.com/substantialcattle5/sietch/internal/encryption/chachaencryption/chachakey/chachaKeys.go:96.8,101.77 2 1
github.com/substantialcattle5/sietch/internal/encryption/chachaencryption/chachakey/chachaKeys.go:101.77,103.4 1 1
github.com/substantialcattle5/sietch/internal/encryption/chachaencryption/chachakey/chachaKeys.go:107.2,113.23 6 1
github.com/substantialcattle5/sietch/internal/encryption/chachaencryption/chachakey/chachaKeys.go:117.63,120.70 2 1
github.com/substantialcattle5/sietch/internal/encryption/chachaencryption/chachakey/chachaKeys.go:120.70,122.3 1 1
github.com/substantialcattle5/sietch/internal/encryption/chachaencryption/chachakey/chachaKeys.go:125.2,125.86 1 1
github.com/substantialcattle5/sietch/internal/encryption/chachaencryption/chachakey/chachaKeys.go:125.86,127.3 1 0
github.com/substantialcattle5/sietch/internal/encryption/chachaencryption/chachakey/chachaKeys.go:129.2,129.12 1 1
github.com/substantialcattle5/sietch/main.go:8.13,10.2 1 0
github.com/substantialcattle5/sietch/internal/config/loaderVaultConfig.go:15.62,20.16 3 0
github.com/substantialcattle5/sietch/internal/config/loaderVaultConfig.go:20.16,21.25 1 0
github.com/substantialcattle5/sietch/internal/config/loaderVaultConfig.go:21.25,23.4 1 0
github.com/substantialcattle5/sietch/internal/config/loaderVaultConfig.go:24.3,24.73 1 0
github.com/substantialcattle5/sietch/internal/config/loaderVaultConfig.go:28.2,29.16 2 0
github.com/substantialcattle5/sietch/internal/config/loaderVaultConfig.go:29.16,31.3 1 0
github.com/substantialcattle5/sietch/internal/config/loaderVaultConfig.go:33.2,35.16 3 0
github.com/substantialcattle5/sietch/internal/config/loaderVaultConfig.go:35.16,37.3 1 0
github.com/substantialcattle5/sietch/internal/config/loaderVaultConfig.go:39.2,39.21 1 0
github.com/substantialcattle5/sietch/internal/config/manager.go:30.53,34.2 1 0
github.com/substantialcattle5/sietch/internal/config/manager.go:37.52,44.57 3 0
github.com/substantialcattle5/sietch/internal/config/manager.go:44.57,46.3 1 0
github.com/substantialcattle5/sietch/internal/config/manager.go:49.2,50.16 2 0
github.com/substantialcattle5/sietch/internal/config/manager.go:50.16,52.3 1 0
github.com/substantialcattle5/sietch/internal/config/manager.go:54.2,54.32 1 0
github.com/substantialcattle5/sietch/internal/config/manager.go:54.32,55.61 1 0
github.com/substantialcattle5/sietch/internal/config/manager.go:55.61,56.12 1 0
github.com/substantialcattle5/sietch/internal/config/manager.go:60.3,62.17 3 0
github.com/substantialcattle5/sietch/internal/config/manager.go:62.17,64.12 2 0
github.com/substantialcattle5/sietch/internal/config/manager.go:67.3,67.57 1 0
github.com/substantialcattle5/sietch/internal/config/manager.go:70.2,70.22 1 0
github.com/substantialcattle5/sietch/internal/config/manager.go:74.66,79.57 3 0
github.com/substantialcattle5/sietch/internal/config/manager.go:79.57,81.3 1 0
github.com/substantialcattle5/sietch/internal/config/manager.go:84.2,85.16 2 0
github.com/substantialcattle5/sietch/internal/config/manager.go:85.16,87.3 1 0
github.com/substantialcattle5/sietch/internal/config/manager.go:89.2,89.35 1 0
github.com/substantialcattle5/sietch/internal/config/manager.go:89.35,90.61 1 0
github.com/substantialcattle5/sietch/internal/config/manager.go:90.61,91.12 1 0
github.com/substantialcattle5/sietch/internal/config/manager.go:95.3,97.17 3 0
github.com/substantialcattle5/sietch/internal/config/manager.go:97.17,99.12 2 0
github.com/substantialcattle5/sietch/internal/config/manager.go:102.3,105.5 1 0
github.com/substantialcattle5/sietch/internal/config/manager.go:108.2,108.21 1 0
github.com/substantialcattle5/sietch/internal/config/manager.go:112.57,117.54 3 0
github.com/substantialcattle5/sietch/internal/config/manager.go:117.54,119.3 1 0
github.com/substantialcattle5/sietch/internal/config/manager.go:122.2,122.31 1 0
github.com/substantialcattle5/sietch/internal/config/manager.go:126.62,131.54 3 0
github.com/substantialcattle5/sietch/internal/config/manager.go:131.54,133.3 1 0
github.com/substantialcattle5/sietch/internal/config/manager.go:136.2,136.45 1 0
github.com/substantialcattle5/sietch/internal/config/manager.go:140.58,143.16 3 0
github.com/substantialcattle5/sietch/internal/config/manager.go:143.16,145.3 1 0
github.com/substantialcattle5/sietch/internal/config/manager.go:146.2,146.24 1 0
github.com/substantialcattle5/sietch/internal/config/manager.go:146.24,148.3 1 0
github.com/substantialcattle5/sietch/internal/config/manager.go:149.2,149.19 1 0
github.com/substantialcattle5/sietch/internal/config/manager.go:153.45,156.16 2 0
github.com/substantialcattle5/sietch/internal/config/manager.go:156.16,158.3 1 0
github.com/substantialcattle5/sietch/internal/config/manager.go:161.2,163.32 3 0
github.com/substantialcattle5/sietch/internal/config/manager.go:163.32,164.47 1 0
github.com/substantialcattle5/sietch/internal/config/manager.go:164.47,167.18 3 0
github.com/substantialcattle5/sietch/internal/config/manager.go:167.18,169.5 1 0
github.com/substantialcattle5/sietch/internal/config/manager.go:170.4,170.15 1 0
github.com/substantialcattle5/sietch/internal/config/manager.go:170.15,172.5 1 0
github.com/substantialcattle5/sietch/internal/config/manager.go:177.2,179.55 3 0
github.com/substantialcattle5/sietch/internal/config/manager.go:179.55,181.17 2 0
github.com/substantialcattle5/sietch/internal/config/manager.go:181.17,183.4 1 0
github.com/substantialcattle5/sietch/internal/config/manager.go:184.3,184.36 1 0
github.com/substantialcattle5/sietch/internal/config/manager.go:184.36,185.22 1 0
github.com/substantialcattle5/sietch/internal/config/manager.go:185.22,187.26 2 0
github.com/substantialcattle5/sietch/internal/config/manager.go:187.26,189.6 1 0
github.com/substantialcattle5/sietch/internal/config/manager.go:195.2,196.32 2 0
github.com/substantialcattle5/sietch/internal/config/manager.go:196.32,198.71 2 0
github.com/substantialcattle5/sietch/internal/config/manager.go:198.71,200.4 1 0
github.com/substantialcattle5/sietch/internal/config/manager.go:204.2,204.22 1 0
github.com/substantialcattle5/sietch/internal/config/manager.go:204.22,207.3 2 0
github.com/substantialcattle5/sietch/internal/config/manager.go:208.2,208.23 1 0
github.com/substantialcattle5/sietch/internal/config/manager.go:208.23,212.3 1 0
github.com/substantialcattle5/sietch/internal/config/manager.go:214.2,215.12 2 0
github.com/substantialcattle5/sietch/internal/config/manager.go:219.59,222.16 2 0
github.com/substantialcattle5/sietch/internal/config/manager.go:222.16,224.3 1 0
github.com/substantialcattle5/sietch/internal/config/manager.go:227.2,228.56 2 0
github.com/substantialcattle5/sietch/internal/config/manager.go:228.56,230.3 1 0
github.com/substantialcattle5/sietch/internal/config/manager.go:232.2,232.23 1 0
github.com/substantialcattle5/sietch/internal/config/manager.go:236.66,239.16 2 0
github.com/substantialcattle5/sietch/internal/config/manager.go:239.16,241.3 1 0
github.com/substantialcattle5/sietch/internal/config/manager.go:244.2,244.40 1 0
github.com/substantialcattle5/sietch/internal/config/manager.go:248.53,252.55 2 0
github.com/substantialcattle5/sietch/internal/config/manager.go:252.55,254.3 1 0
github.com/substantialcattle5/sietch/internal/config/manager.go:257.2,258.16 2 0
github.com/substantialcattle5/sietch/internal/config/manager.go:258.16,260.3 1 0
github.com/substantialcattle5/sietch/internal/config/manager.go:263.2,264.54 2 0
github.com/substantialcattle5/sietch/internal/config/manager.go:264.54,266.3 1 0
github.com/substantialcattle5/sietch/internal/config/manager.go:268.2,268.21 1 0
github.com/substantialcattle5/sietch/internal/config/manager.go:272.57,279.54 4 0
github.com/substantialcattle5/sietch/internal/config/manager.go:279.54,282.3 1 0
github.com/substantialcattle5/sietch/internal/config/manager.go:287.2,288.16 2 0
github.com/substantialcattle5/sietch/internal/config/manager.go:288.16,291.3 1 0
github.com/substantialcattle5/sietch/internal/config/manager.go:300.2,300.62 1 0
github.com/substantialcattle5/sietch/internal/config/manager.go:300.62,303.3 2 0
github.com/substantialcattle5/sietch/internal/config/manager.go:306.2,306.12 1 0
github.com/substantialcattle5/sietch/internal/config/manager.go:311.67,315.16 3 0
github.com/substantialcattle5/sietch/internal/config/manager.go:315.16,318.3 2 0
github.com/substantialcattle5/sietch/internal/config/manager.go:320.2,321.35 2 0
github.com/substantialcattle5/sietch/internal/config/vault.go:187.15,198.2 1 0
github.com/substantialcattle5/sietch/internal/config/vault.go:211.15,223.91 3 0
github.com/substantialcattle5/sietch/internal/config/vault.go:223.91,225.3 1 0
github.com/substantialcattle5/sietch/internal/config/vault.go:226.2,263.22 19 0
github.com/substantialcattle5/sietch/internal/config/vault.go:263.22,267.75 2 0
github.com/substantialcattle5/sietch/internal/config/vault.go:267.75,269.42 1 0
github.com/substantialcattle5/sietch/internal/config/vault.go:269.42,271.5 1 0
github.com/substantialcattle5/sietch/internal/config/vault.go:274.4,274.55 1 0
github.com/substantialcattle5/sietch/internal/config/vault.go:278.3,278.83 1 0
github.com/substantialcattle5/sietch/internal/config/vault.go:278.83,280.4 1 0
github.com/substantialcattle5/sietch/internal/config/vault.go:283.3,283.75 1 0
github.com/substantialcattle5/sietch/internal/config/vault.go:283.75,285.4 1 0
github.com/substantialcattle5/sietch/internal/config/vault.go:288.2,288.15 1 0
github.com/substantialcattle5/sietch/internal/config/vault.go:291.78,309.28 2 0
github.com/substantialcattle5/sietch/internal/config/vault.go:309.28,316.3 1 0
github.com/substantialcattle5/sietch/internal/config/vault.go:318.2,318.15 1 0
github.com/substantialcattle5/sietch/internal/config/vault.go:322.41,330.2 1 0
github.com/substantialcattle5/sietch/internal/config/vault.go:333.41,337.2 1 0
github.com/substantialcattle5/sietch/internal/config/vault.go:340.47,348.2 1 0
github.com/substantialcattle5/sietch/internal/config/vault.go:350.60,352.16 2 0
github.com/substantialcattle5/sietch/internal/config/vault.go:352.16,354.3 1 0
github.com/substantialcattle5/sietch/internal/config/vault.go:357.2,357.79 1 0
github.com/substantialcattle5/sietch/internal/config/vault.go:357.79,359.3 1 0
github.com/substantialcattle5/sietch/internal/config/vault.go:361.2,361.19 1 0
github.com/substantialcattle5/sietch/internal/compression/Compressor.go:14.66,15.19 1 0
github.com/substantialcattle5/sietch/internal/compression/Compressor.go:16.37,17.19 1 0
github.com/substantialcattle5/sietch/internal/compression/Compressor.go:18.37,21.47 3 0
github.com/substantialcattle5/sietch/internal/compression/Compressor.go:21.47,23.4 1 0
github.com/substantialcattle5/sietch/internal/compression/Compressor.go:24.3,24.40 1 0
github.com/substantialcattle5/sietch/internal/compression/Compressor.go:24.40,26.4 1 0
github.com/substantialcattle5/sietch/internal/compression/Compressor.go:27.3,27.26 1 0
github.com/substantialcattle5/sietch/internal/compression/Compressor.go:28.37,30.17 2 0
github.com/substantialcattle5/sietch/internal/compression/Compressor.go:30.17,32.4 1 0
github.com/substantialcattle5/sietch/internal/compression/Compressor.go:33.3,34.43 2 0
github.com/substantialcattle5/sietch/internal/compression/Compressor.go:35.10,36.77 1 0
github.com/substantialcattle5/sietch/internal/compression/Compressor.go:41.68,42.19 1 0
github.com/substantialcattle5/sietch/internal/compression/Compressor.go:43.37,44.19 1 0
github.com/substantialcattle5/sietch/internal/compression/Compressor.go:45.37,47.17 2 0
github.com/substantialcattle5/sietch/internal/compression/Compressor.go:47.17,49.4 1 0
github.com/substantialcattle5/sietch/internal/compression/Compressor.go:50.3,55.34 4 0
github.com/substantialcattle5/sietch/internal/compression/Compressor.go:55.34,57.4 1 0
github.com/substantialcattle5/sietch/internal/compression/Compressor.go:60.3,60.42 1 0
github.com/substantialcattle5/sietch/internal/compression/Compressor.go:60.42,63.55 2 0
github.com/substantialcattle5/sietch/internal/compression/Compressor.go:63.55,65.5 1 0
github.com/substantialcattle5/sietch/internal/compression/Compressor.go:67.3,67.26 1 0
github.com/substantialcattle5/sietch/internal/compression/Compressor.go:68.37,70.17 2 0
github.com/substantialcattle5/sietch/internal/compression/Compressor.go:70.17,72.4 1 0
github.com/substantialcattle5/sietch/internal/compression/Compressor.go:73.3,76.17 3 0
github.com/substantialcattle5/sietch/internal/compression/Compressor.go:76.17,78.4 1 0
github.com/substantialcattle5/sietch/internal/compression/Compressor.go:81.3,81.57 1 0
github.com/substantialcattle5/sietch/internal/compression/Compressor.go:81.57,83.4 1 0
github.com/substantialcattle5/sietch/internal/compression/Compressor.go:85.3,85.27 1 0
github.com/substantialcattle5/sietch/internal/compression/Compressor.go:86.10,87.77 1 0
github.com/substantialcattle5/sietch/internal/encryption/gpgencyption/gpgEncryption.go:14.81,16.42 1 0
github.com/substantialcattle5/sietch/internal/encryption/gpgencyption/gpgEncryption.go:16.42,19.3 1 0
github.com/substantialcattle5/sietch/internal/encryption/gpgencyption/gpgEncryption.go:22.2,22.45 1 0
github.com/substantialcattle5/sietch/internal/encryption/gpgencyption/gpgEncryption.go:22.45,24.3 1 0
github.com/substantialcattle5/sietch/internal/encryption/gpgencyption/gpgEncryption.go:26.2,27.21 2 0
github.com/substantialcattle5/sietch/internal/encryption/gpgencyption/gpgEncryption.go:27.21,30.3 1 0
github.com/substantialcattle5/sietch/internal/encryption/gpgencyption/gpgEncryption.go:32.2,32.21 1 0
github.com/substantialcattle5/sietch/internal/encryption/gpgencyption/gpgEncryption.go:32.21,34.3 1 0
github.com/substantialcattle5/sietch/internal/encryption/gpgencyption/gpgEncryption.go:37.2,38.16 2 0
github.com/substantialcattle5/sietch/internal/encryption/gpgencyption/gpgEncryption.go:38.16,40.3 1 0
github.com/substantialcattle5/sietch/internal/encryption/gpgencyption/gpgEncryption.go:42.2,42.27 1 0
github.com/substantialcattle5/sietch/internal/encryption/gpgencyption/gpgEncryption.go:46.114,48.42 1 0
github.com/substantialcattle5/sietch/internal/encryption/gpgencyption/gpgEncryption.go:48.42,51.3 1 0
github.com/substantialcattle5/sietch/internal/encryption/gpgencyption/gpgEncryption.go:54.2,54.45 1 0
github.com/substantialcattle5/sietch/internal/encryption/gpgencyption/gpgEncryption.go:54.45,56.3 1 0
github.com/substantialcattle5/sietch/internal/encryption/gpgencyption/gpgEncryption.go:58.2,59.21 2 0
github.com/substantialcattle5/sietch/internal/encryption/gpgencyption/gpgEncryption.go:59.21,61.3 1 0
github.com/substantialcattle5/sietch/internal/encryption/gpgencyption/gpgEncryption.go:63.2,63.21 1 0
github.com/substantialcattle5/sietch/internal/encryption/gpgencyption/gpgEncryption.go:63.21,65.3 1 0
github.com/substantialcattle5/sietch/internal/encryption/gpgencyption/gpgEncryption.go:68.2,69.16 2 0
github.com/substantialcattle5/sietch/internal/encryption/gpgencyption/gpgEncryption.go:69.16,71.3 1 0
github.com/substantialcattle5/sietch/internal/encryption/gpgencyption/gpgEncryption.go:73.2,73.27 1 0
github.com/substantialcattle5/sietch/internal/encryption/gpgencyption/gpgEncryption.go:77.76,79.16 2 0
github.com/substantialcattle5/sietch/internal/encryption/gpgencyption/gpgEncryption.go:79.16,81.3 1 0
github.com/substantialcattle5/sietch/internal/encryption/gpgencyption/gpgEncryption.go:84.2,84.42 1 0
github.com/substantialcattle5/sietch/internal/encryption/gpgencyption/gpgEncryption.go:84.42,87.3 1 0
github.com/substantialcattle5/sietch/internal/encryption/gpgencyption/gpgEncryption.go:90.2,91.16 2 0
github.com/substantialcattle5/sietch/internal/encryption/gpgencyption/gpgEncryption.go:91.16,93.3 1 0
github.com/substantialcattle5/sietch/internal/encryption/gpgencyption/gpgEncryption.go:95.2,95.27 1 0
github.com/substantialcattle5/sietch/internal/encryption/gpgencyption/gpgEncryption.go:99.109,101.16 2 0
github.com/substantialcattle5/sietch/internal/encryption/gpgencyption/gpgEncryption.go:101.16,103.3 1 0
github.com/substantialcattle5/sietch/internal/encryption/gpgencyption/gpgEncryption.go:106.2,106.42 1 0
github.com/substantialcattle5/sietch/internal/encryption/gpgencyption/gpgEncryption.go:106.42,109.3 1 0
github.com/substantialcattle5/sietch/internal/encryption/gpgencyption/gpgEncryption.go:112.2,113.16 2 0
github.com/substantialcattle5/sietch/internal/encryption/gpgencyption/gpgEncryption.go:113.16,115.3 1 0
github.com/substantialcattle5/sietch/internal/encryption/gpgencyption/gpgEncryption.go:117.2,117.27 1 0
github.com/substantialcattle5/sietch/internal/encryption/gpgencyption/gpgEncryption.go:121.61,132.16 7 0
github.com/substantialcattle5/sietch/internal/encryption/gpgencyption/gpgEncryption.go:132.16,134.3 1 0
github.com/substantialcattle5/sietch/internal/encryption/gpgencyption/gpgEncryption.go:136.2,136.29 1 0
github.com/substantialcattle5/sietch/internal/encryption/gpgencyption/gpgEncryption.go:140.83,151.16 7 0
github.com/substantialcattle5/sietch/internal/encryption/gpgencyption/gpgEncryption.go:151.16,153.3 1 0
github.com/substantialcattle5/sietch/internal/encryption/gpgencyption/gpgEncryption.go:155.2,155.29 1 0
github.com/substantialcattle5/sietch/internal/encryption/gpgencyption/gpgEncryption.go:159.59,170.16 7 0
github.com/substantialcattle5/sietch/internal/encryption/gpgencyption/gpgEncryption.go:170.16,172.3 1 0
github.com/substantialcattle5/sietch/internal/encryption/gpgencyption/gpgEncryption.go:174.2,174.29 1 0
github.com/substantialcattle5/sietch/internal/encryption/gpgencyption/gpgEncryption.go:178.81,189.16 7 0
github.com/substantialcattle5/sietch/internal/encryption/gpgencyption/gpgEncryption.go:189.16,191.3 1 0
github.com/substantialcattle5/sietch/internal/encryption/gpgencyption/gpgEncryption.go:193.2,193.29 1 0
github.com/substantialcattle5/sietch/internal/encryption/gpgencyption/gpgEncryption.go:197.41,201.16 3 0
github.com/substantialcattle5/sietch/internal/encryption/gpgencyption/gpgEncryption.go:201.16,203.3 1 0
github.com/substantialcattle5/sietch/internal/encryption/gpgencyption/gpgEncryption.go:205.2,205.12 1 0
github.com/substantialcattle5/sietch/internal/encryption/gpgencyption/gpgEncryption.go:209.57,212.16 3 0
github.com/substantialcattle5/sietch/internal/encryption/gpgencyption/gpgEncryption.go:212.16,214.3 1 0
github.com/substantialcattle5/sietch/internal/encryption/gpgencyption/gpgEncryption.go:217.2,218.29 2 0
github.com/substantialcattle5/sietch/internal/encryption/gpgencyption/gpgEncryption.go:218.29,219.38 1 0
github.com/substantialcattle5/sietch/internal/encryption/gpgencyption/gpgEncryption.go:219.38,221.25 2 0
github.com/substantialcattle5/sietch/internal/encryption/gpgencyption/gpgEncryption.go:221.25,223.5 1 0
github.com/substantialcattle5/sietch/internal/encryption/gpgencyption/gpgEncryption.go:227.2,227.66 1 0
github.com/substantialcattle5/sietch/internal/encryption/gpgencyption/gpgEncryption.go:231.28,234.2 2 0
github.com/substantialcattle5/sietch/internal/encryption/gpgencyption/gpgEncryption.go:247.43,250.16 3 0
github.com/substantialcattle5/sietch/internal/encryption/gpgencyption/gpgEncryption.go:250.16,252.3 1 0
github.com/substantialcattle5/sietch/internal/encryption/gpgencyption/gpgEncryption.go:254.2,254.45 1 0
github.com/substantialcattle5/sietch/internal/encryption/gpgencyption/gpgEncryption.go:258.51,264.29 4 0
github.com/substantialcattle5/sietch/internal/encryption/gpgencyption/gpgEncryption.go:264.29,265.17 1 0
github.com/substantialcattle5/sietch/internal/encryption/gpgencyption/gpgEncryption.go:265.17,266.12 1 0
github.com/substantialcattle5/sietch/internal/encryption/gpgencyption/gpgEncryption.go:269.3,270.22 2 0
github.com/substantialcattle5/sietch/internal/encryption/gpgencyption/gpgEncryption.go:270.22,271.12 1 0
github.com/substantialcattle5/sietch/internal/encryption/gpgencyption/gpgEncryption.go:274.3,276.21 2 0
github.com/substantialcattle5/sietch/internal/encryption/gpgencyption/gpgEncryption.go:277.14,279.24 1 0
github.com/substantialcattle5/sietch/internal/encryption/gpgencyption/gpgEncryption.go:279.24,285.5 1 0
github.com/substantialcattle5/sietch/internal/encryption/gpgencyption/gpgEncryption.go:286.14,288.46 1 0
github.com/substantialcattle5/sietch/internal/encryption/gpgencyption/gpgEncryption.go:288.46,290.5 1 0
github.com/substantialcattle5/sietch/internal/encryption/gpgencyption/gpgEncryption.go:291.14,293.46 1 0
github.com/substantialcattle5/sietch/internal/encryption/gpgencyption/gpgEncryption.go:293.46,300.25 5 0
github.com/substantialcattle5/sietch/internal/encryption/gpgencyption/gpgEncryption.go:300.25,302.6 1 0
github.com/substantialcattle5/sietch/internal/encryption/gpgencyption/gpgEncryption.go:305.5,305.54 1 0
github.com/substantialcattle5/sietch/internal/encryption/gpgencyption/gpgEncryption.go:305.54,307.6 1 0
github.com/substantialcattle5/sietch/internal/encryption/gpgencyption/gpgEncryption.go:308.5,308.21 1 0
github.com/substantialcattle5/sietch/internal/encryption/gpgencyption/gpgEncryption.go:313.2,313.13 1 0
github.com/substantialcattle5/sietch/internal/encryption/gpgencyption/prompt.go:16.64,18.47 1 0
github.com/substantialcattle5/sietch/internal/encryption/gpgencyption/prompt.go:18.47,20.3 1 0
github.com/substantialcattle5/sietch/internal/encryption/gpgencyption/prompt.go:23.2,23.30 1 0
github.com/substantialcattle5/sietch/internal/encryption/gpgencyption/prompt.go:23.30,25.3 1 0
github.com/substantialcattle5/sietch/internal/encryption/gpgencyption/prompt.go:28.2,29.16 2 0
github.com/substantialcattle5/sietch/internal/encryption/gpgencyption/prompt.go:29.16,31.3 1 0
github.com/substantialcattle5/sietch/internal/encryption/gpgencyption/prompt.go:34.2,35.16 2 0
github.com/substantialcattle5/sietch/internal/encryption/gpgencyption/prompt.go:35.16,37.3 1 0
github.com/substantialcattle5/sietch/internal/encryption/gpgencyption/prompt.go:39.2,39.24 1 0
github.com/substantialcattle5/sietch/internal/encryption/gpgencyption/prompt.go:39.24,42.17 2 0
github.com/substantialcattle5/sietch/internal/encryption/gpgencyption/prompt.go:42.17,44.4 1 0
github.com/substantialcattle5/sietch/internal/encryption/gpgencyption/prompt.go:45.3,45.23 1 0
github.com/substantialcattle5/sietch/internal/encryption/gpgencyption/prompt.go:49.2,54.77 4 0
github.com/substantialcattle5/sietch/internal/encryption/gpgencyption/prompt.go:54.77,56.3 1 0
github.com/substantialcattle5/sietch/internal/encryption/gpgencyption/prompt.go:59.2,59.65 1 0
github.com/substantialcattle5/sietch/internal/encryption/gpgencyption/prompt.go:59.65,61.3 1 0
github.com/substantialcattle5/sietch/internal/encryption/gpgencyption/prompt.go:63.2,65.12 2 0
github.com/substantialcattle5/sietch/internal/encryption/gpgencyption/gpgkey/gpgKeys.go:13.83,16.17 2 0
github.com/substantialcattle5/sietch/internal/encryption/gpgencyption/gpgkey/gpgKeys.go:17.18,19.56 2 0
github.com/substantialcattle5/sietch/internal/encryption/gpgencyption/gpgkey/gpgKeys.go:20.18,22.52 2 0
github.com/substantialcattle5/sietch/internal/encryption/gpgencyption/gpgkey/gpgKeys.go:23.17,25.53 2 0
github.com/substantialcattle5/sietch/internal/encryption/gpgencyption/gpgkey/gpgKeys.go:26.10,28.56 2 0
github.com/substantialcattle5/sietch/internal/encryption/gpgencyption/gpgkey/gpgKeys.go:32.2,33.20 2 0
github.com/substantialcattle5/sietch/internal/encryption/gpgencyption/gpgkey/gpgKeys.go:34.16,35.43 1 0
github.com/substantialcattle5/sietch/internal/encryption/gpgencyption/gpgkey/gpgKeys.go:36.17,37.44 1 0
github.com/substantialcattle5/sietch/internal/encryption/gpgencyption/gpgkey/gpgKeys.go:38.17,39.44 1 0
github.com/substantialcattle5/sietch/internal/encryption/gpgencyption/gpgkey/gpgKeys.go:40.23,41.43 1 0
github.com/substantialcattle5/sietch/internal/encryption/gpgencyption/gpgkey/gpgKeys.go:42.10,43.43 1 0
github.com/substantialcattle5/sietch/internal/encryption/gpgencyption/gpgkey/gpgKeys.go:47.2,59.46 2 0
github.com/substantialcattle5/sietch/internal/encryption/gpgencyption/gpgkey/gpgKeys.go:59.46,70.3 1 0
github.com/substantialcattle5/sietch/internal/encryption/gpgencyption/gpgkey/gpgKeys.go:73.2,77.16 4 0
github.com/substantialcattle5/sietch/internal/encryption/gpgencyption/gpgkey/gpgKeys.go:77.16,79.3 1 0
github.com/substantialcattle5/sietch/internal/encryption/gpgencyption/gpgkey/gpgKeys.go:82.2,83.16 2 0
github.com/substantialcattle5/sietch/internal/encryption/gpgencyption/gpgkey/gpgKeys.go:83.16,85.3 1 0
github.com/substantialcattle5/sietch/internal/encryption/gpgencyption/gpgkey/gpgKeys.go:88.2,88.27 1 0
github.com/substantialcattle5/sietch/internal/encryption/gpgencyption/gpgkey/gpgKeys.go:88.27,89.25 1 0
github.com/substantialcattle5/sietch/internal/encryption/gpgencyption/gpgkey/gpgKeys.go:89.25,91.4 1 0
github.com/substantialcattle5/sietch/internal/encryption/gpgencyption/gpgkey/gpgKeys.go:94.2,94.66 1 0
github.com/substantialcattle5/sietch/internal/encryption/gpgencyption/gpgkey/prompt.go:24.69,25.20 1 0
github.com/substantialcattle5/sietch/internal/encryption/gpgencyption/gpgkey/prompt.go:25.20,28.3 2 0
github.com/substantialcattle5/sietch/internal/encryption/gpgencyption/gpgkey/prompt.go:31.2,32.27 2 0
github.com/substantialcattle5/sietch/internal/encryption/gpgencyption/gpgkey/prompt.go:32.27,34.3 1 0
github.com/substantialcattle5/sietch/internal/encryption/gpgencyption/gpgkey/prompt.go:35.2,53.16 4 0
github.com/substantialcattle5/sietch/internal/encryption/gpgencyption/gpgkey/prompt.go:53.16,55.3 1 0
github.com/substantialcattle5/sietch/internal/encryption/gpgencyption/gpgkey/prompt.go:58.2,58.24 1 0
github.com/substantialcattle5/sietch/internal/encryption/gpgencyption/gpgkey/prompt.go:58.24,60.3 1 0
github.com/substantialcattle5/sietch/internal/encryption/gpgencyption/gpgkey/prompt.go:62.2,62.25 1 0
github.com/substantialcattle5/sietch/internal/encryption/gpgencyption/gpgkey/prompt.go:66.53,72.38 2 0
github.com/substantialcattle5/sietch/internal/encryption/gpgencyption/gpgkey/prompt.go:72.38,73.41 1 0
github.com/substantialcattle5/sietch/internal/encryption/gpgencyption/gpgkey/prompt.go:73.41,75.5 1 0
github.com/substantialcattle5/sietch/internal/encryption/gpgencyption/gpgkey/prompt.go:76.4,76.14 1 0
github.com/substantialcattle5/sietch/internal/encryption/gpgencyption/gpgkey/prompt.go:79.2,80.16 2 0
github.com/substantialcattle5/sietch/internal/encryption/gpgencyption/gpgkey/prompt.go:80.16,82.3 1 0
github.com/substantialcattle5/sietch/internal/encryption/gpgencyption/gpgkey/prompt.go:85.2,87.38 1 0
github.com/substantialcattle5/sietch/internal/encryption/gpgencyption/gpgkey/prompt.go:87.38,89.38 2 0
github.com/substantialcattle5/sietch/internal/encryption/gpgencyption/gpgkey/prompt.go:89.38,91.5 1 0
github.com/substantialcattle5/sietch/internal/encryption/gpgencyption/gpgkey/prompt.go:92.4,92.14 1 0
github.com/substantialcattle5/sietch/internal/encryption/gpgencyption/gpgkey/prompt.go:95.2,96.16 2 0
github.com/substantialcattle5/sietch/internal/encryption/gpgencyption/gpgkey/prompt.go:96.16,98.3 1 0
github.com/substantialcattle5/sietch/internal/encryption/gpgencyption/gpgkey/prompt.go:101.2,117.16 3 0
github.com/substantialcattle5/sietch/internal/encryption/gpgencyption/gpgkey/prompt.go:117.16,119.3 1 0
github.com/substantialcattle5/sietch/internal/encryption/gpgencyption/gpgkey/prompt.go:122.2,136.16 3 0
github.com/substantialcattle5/sietch/internal/encryption/gpgencyption/gpgkey/prompt.go:136.16,138.3 1 0
github.com/substantialcattle5/sietch/internal/encryption/gpgencyption/gpgkey/prompt.go:141.2,144.16 3 0
github.com/substantialcattle5/sietch/internal/encryption/gpgencyption/gpgkey/prompt.go:144.16,146.3 1 0
github.com/substantialcattle5/sietch/internal/encryption/gpgencyption/gpgkey/prompt.go:148.2,152.21 4 0
github.com/substantialcattle5/sietch/internal/encryption/gpgencyption/gpgkey/prompt.go:156.66,164.16 3 0
github.com/substantialcattle5/sietch/internal/encryption/gpgencyption/gpgkey/prompt.go:164.16,168.3 2 0
github.com/substantialcattle5/sietch/internal/encryption/gpgencyption/gpgkey/prompt.go:171.2,174.38 1 0
github.com/substantialcattle5/sietch/internal/encryption/gpgencyption/gpgkey/prompt.go:174.38,175.83 1 0
github.com/substantialcattle5/sietch/internal/encryption/gpgencyption/gpgkey/prompt.go:175.83,177.5 1 0
github.com/substantialcattle5/sietch/internal/encryption/gpgencyption/gpgkey/prompt.go:178.4,178.14 1 0
github.com/substantialcattle5/sietch/internal/encryption/gpgencyption/gpgkey/prompt.go:182.2,183.16 2 0
github.com/substantialcattle5/sietch/internal/encryption/gpgencyption/gpgkey/prompt.go:183.16,185.3 1 0
github.com/substantialcattle5/sietch/internal/encryption/gpgencyption/gpgkey/prompt.go:187.2,188.12 2 0
github.com/substantialcattle5/sietch/internal/encryption/gpgencyption/gpgkey/utilities.go:11.28,14.2 2 0
github.com/substantialcattle5/sietch/internal/encryption/gpgencyption/gpgkey/utilities.go:17.43,20.16 3 0
github.com/substantialcattle5/sietch/internal/encryption/gpgencyption/gpgkey/utilities.go:20.16,22.3 1 0
github.com/substantialcattle5/sietch/internal/encryption/gpgencyption/gpgkey/utilities.go:24.2,24.45 1 0
github.com/substantialcattle5/sietch/internal/encryption/gpgencyption/gpgkey/utilities.go:28.51,34.29 4 0
github.com/substantialcattle5/sietch/internal/encryption/gpgencyption/gpgkey/utilities.go:34.29,35.17 1 0
github.com/substantialcattle5/sietch/internal/encryption/gpgencyption/gpgkey/utilities.go:35.17,36.12 1 0
github.com/substantialcattle5/sietch/internal/encryption/gpgencyption/gpgkey/utilities.go:39.3,40.22 2 0
github.com/substantialcattle5/sietch/internal/encryption/gpgencyption/gpgkey/utilities.go:40.22,41.12 1 0
github.com/substantialcattle5/sietch/internal/encryption/gpgencyption/gpgkey/utilities.go:44.3,46.21 2 0
github.com/substantialcattle5/sietch/internal/encryption/gpgencyption/gpgkey/utilities.go:47.14,49.24 1 0
github.com/substantialcattle5/sietch/internal/encryption/gpgencyption/gpgkey/utilities.go:49.24,55.5 1 0
github.com/substantialcattle5/sietch/internal/encryption/gpgencyption/gpgkey/utilities.go:56.14,58.46 1 0
github.com/substantialcattle5/sietch/internal/encryption/gpgencyption/gpgkey/utilities.go:58.46,60.5 1 0
github.com/substantialcattle5/sietch/internal/encryption/gpgencyption/gpgkey/utilities.go:61.14,63.46 1 0
github.com/substantialcattle5/sietch/internal/encryption/gpgencyption/gpgkey/utilities.go:63.46,70.25 5 0
github.com/substantialcattle5/sietch/internal/encryption/gpgencyption/gpgkey/utilities.go:70.25,72.6 1 0
github.com/substantialcattle5/sietch/internal/encryption/gpgencyption/gpgkey/utilities.go:75.5,75.54 1 0
github.com/substantialcattle5/sietch/internal/encryption/gpgencyption/gpgkey/utilities.go:75.54,77.6 1 0
github.com/substantialcattle5/sietch/internal/encryption/gpgencyption/gpgkey/utilities.go:78.5,78.21 1 0
github.com/substantialcattle5/sietch/internal/encryption/gpgencyption/gpgkey/utilities.go:83.2,83.13 1 0
github.com/substantialcattle5/sietch/internal/encryption/aesencryption/aeskey/aesKeys.go:12.92,22.60 4 0
github.com/substantialcattle5/sietch/internal/encryption/aesencryption/aeskey/aesKeys.go:22.60,24.3 1 0
github.com/substantialcattle5/sietch/internal/encryption/aesencryption/aeskey/aesKeys.go:27.2,31.16 3 0
github.com/substantialcattle5/sietch/internal/encryption/aesencryption/aeskey/aesKeys.go:31.16,33.3 1 0
github.com/substantialcattle5/sietch/internal/encryption/aesencryption/aeskey/aesKeys.go:36.2,36.40 1 0
github.com/substantialcattle5/sietch/internal/encryption/aesencryption/aeskey/aesKeys.go:36.40,37.96 1 0
github.com/substantialcattle5/sietch/internal/encryption/aesencryption/aeskey/aesKeys.go:37.96,39.4 1 0
github.com/substantialcattle5/sietch/internal/encryption/aesencryption/aeskey/aesKeys.go:41.3,42.17 2 0
github.com/substantialcattle5/sietch/internal/encryption/aesencryption/aeskey/aesKeys.go:42.17,44.4 1 0
github.com/substantialcattle5/sietch/internal/encryption/aesencryption/aeskey/aesKeys.go:45.3,45.29 1 0
github.com/substantialcattle5/sietch/internal/encryption/aesencryption/aeskey/aesKeys.go:46.8,48.3 1 0
github.com/substantialcattle5/sietch/internal/encryption/aesencryption/aeskey/aesKeys.go:51.2,54.60 2 0
github.com/substantialcattle5/sietch/internal/encryption/aesencryption/aeskey/aesKeys.go:54.60,56.3 1 0
github.com/substantialcattle5/sietch/internal/encryption/aesencryption/aeskey/aesKeys.go:58.2,58.23 1 0
github.com/substantialcattle5/sietch/internal/encryption/aesencryption/aeskey/aesKeys.go:62.84,74.16 5 0
github.com/substantialcattle5/sietch/internal/encryption/aesencryption/aeskey/aesKeys.go:74.16,76.3 1 0
github.com/substantialcattle5/sietch/internal/encryption/aesencryption/aeskey/aesKeys.go:78.2,80.16 3 0
github.com/substantialcattle5/sietch/internal/encryption/aesencryption/aeskey/aesKeys.go:80.16,82.3 1 0
github.com/substantialcattle5/sietch/internal/encryption/aesencryption/aeskey/aesKeys.go:85.2,85.75 1 0
github.com/substantialcattle5/sietch/internal/encryption/aesencryption/aeskey/aesKeys.go:85.75,87.3 1 0
github.com/substantialcattle5/sietch/internal/encryption/aesencryption/aeskey/aesKeys.go:90.2,91.16 2 0
github.com/substantialcattle5/sietch/internal/encryption/aesencryption/aeskey/aesKeys.go:91.16,93.3 1 0
github.com/substantialcattle5/sietch/internal/encryption/aesencryption/aeskey/aesKeys.go:96.2,97.16 2 0
github.com/substantialcattle5/sietch/internal/encryption/aesencryption/aeskey/aesKeys.go:97.16,99.3 1 0
github.com/substantialcattle5/sietch/internal/encryption/aesencryption/aeskey/aesKeys.go:101.2,101.17 1 0
github.com/substantialcattle5/sietch/internal/encryption/aesencryption/aeskey/encryptionOps.go:23.86,25.41 1 0
github.com/substantialcattle5/sietch/internal/encryption/aesencryption/aeskey/encryptionOps.go:25.41,27.3 1 0
github.com/substantialcattle5/sietch/internal/encryption/aesencryption/aeskey/encryptionOps.go:29.2,29.39 1 0
github.com/substantialcattle5/sietch/internal/encryption/aesencryption/aeskey/encryptionOps.go:30.28,31.33 1 0
github.com/substantialcattle5/sietch/internal/encryption/aesencryption/aeskey/encryptionOps.go:32.28,33.33 1 0
github.com/substantialcattle5/sietch/internal/encryption/aesencryption/aeskey/encryptionOps.go:34.10,35.79 1 0
github.com/substantialcattle5/sietch/internal/encryption/aesencryption/aeskey/encryptionOps.go:40.54,42.16 2 0
github.com/substantialcattle5/sietch/internal/encryption/aesencryption/aeskey/encryptionOps.go:42.16,44.3 1 0
github.com/substantialcattle5/sietch/internal/encryption/aesencryption/aeskey/encryptionOps.go:45.2,46.12 2 0
github.com/substantialcattle5/sietch/internal/encryption/aesencryption/aeskey/encryptionOps.go:50.54,52.16 2 0
github.com/substantialcattle5/sietch/internal/encryption/aesencryption/aeskey/encryptionOps.go:52.16,54.3 1 0
github.com/substantialcattle5/sietch/internal/encryption/aesencryption/aeskey/encryptionOps.go:55.2,56.12 2 0
github.com/substantialcattle5/sietch/internal/encryption/aesencryption/aeskey/encryptionOps.go:67.108,69.16 2 0
github.com/substantialcattle5/sietch/internal/encryption/aesencryption/aeskey/encryptionOps.go:69.16,71.3 1 0
github.com/substantialcattle5/sietch/internal/encryption/aesencryption/aeskey/encryptionOps.go:74.2,77.16 2 0
github.com/substantialcattle5/sietch/internal/encryption/aesencryption/aeskey/encryptionOps.go:77.16,80.3 2 0
github.com/substantialcattle5/sietch/internal/encryption/aesencryption/aeskey/encryptionOps.go:82.2,82.14 1 0
github.com/substantialcattle5/sietch/internal/encryption/aesencryption/aeskey/encryptionOps.go:83.28,84.55 1 0
github.com/substantialcattle5/sietch/internal/encryption/aesencryption/aeskey/encryptionOps.go:85.28,86.55 1 0
github.com/substantialcattle5/sietch/internal/encryption/aesencryption/aeskey/encryptionOps.go:87.10,88.93 1 0
github.com/substantialcattle5/sietch/internal/encryption/aesencryption/aeskey/encryptionOps.go:93.106,95.16 2 0
github.com/substantialcattle5/sietch/internal/encryption/aesencryption/aeskey/encryptionOps.go:95.16,97.3 1 0
github.com/substantialcattle5/sietch/internal/encryption/aesencryption/aeskey/encryptionOps.go:100.2,100.27 1 0
github.com/substantialcattle5/sietch/internal/encryption/aesencryption/aeskey/encryptionOps.go:100.27,102.17 2 0
github.com/substantialcattle5/sietch/internal/encryption/aesencryption/aeskey/encryptionOps.go:102.17,104.4 1 0
github.com/substantialcattle5/sietch/internal/encryption/aesencryption/aeskey/encryptionOps.go:105.3,105.26 1 0
github.com/substantialcattle5/sietch/internal/encryption/aesencryption/aeskey/encryptionOps.go:108.2,109.16 2 0
github.com/substantialcattle5/sietch/internal/encryption/aesencryption/aeskey/encryptionOps.go:109.16,111.3 1 0
github.com/substantialcattle5/sietch/internal/encryption/aesencryption/aeskey/encryptionOps.go:114.2,114.35 1 0
github.com/substantialcattle5/sietch/internal/encryption/aesencryption/aeskey/encryptionOps.go:114.35,117.3 1 0
github.com/substantialcattle5/sietch/internal/encryption/aesencryption/aeskey/encryptionOps.go:120.2,123.44 2 0
github.com/substantialcattle5/sietch/internal/encryption/aesencryption/aeskey/encryptionOps.go:127.106,128.24 1 0
github.com/substantialcattle5/sietch/internal/encryption/aesencryption/aeskey/encryptionOps.go:128.24,130.17 2 0
github.com/substantialcattle5/sietch/internal/encryption/aesencryption/aeskey/encryptionOps.go:130.17,132.4 1 0
github.com/substantialcattle5/sietch/internal/encryption/aesencryption/aeskey/encryptionOps.go:133.3,133.20 1 0
github.com/substantialcattle5/sietch/internal/encryption/aesencryption/aeskey/encryptionOps.go:136.2,137.16 2 0
github.com/substantialcattle5/sietch/internal/encryption/aesencryption/aeskey/encryptionOps.go:137.16,139.3 1 0
github.com/substantialcattle5/sietch/internal/encryption/aesencryption/aeskey/encryptionOps.go:141.2,141.30 1 0
github.com/substantialcattle5/sietch/internal/encryption/aesencryption/aeskey/encryptionOps.go:141.30,143.3 1 0
github.com/substantialcattle5/sietch/internal/encryption/aesencryption/aeskey/encryptionOps.go:146.2,156.39 7 0
github.com/substantialcattle5/sietch/internal/encryption/aesencryption/aeskey/encryptionOps.go:160.55,162.16 2 0
github.com/substantialcattle5/sietch/internal/encryption/aesencryption/aeskey/encryptionOps.go:162.16,164.3 1 0
github.com/substantialcattle5/sietch/internal/encryption/aesencryption/aeskey/encryptionOps.go:166.2,167.16 2 0
github.com/substantialcattle5/sietch/internal/encryption/aesencryption/aeskey/encryptionOps.go:167.16,169.3 1 0
github.com/substantialcattle5/sietch/internal/encryption/aesencryption/aeskey/encryptionOps.go:171.2,172.27 2 0
github.com/substantialcattle5/sietch/internal/encryption/aesencryption/aeskey/encryptionOps.go:172.27,175.3 1 0
github.com/substantialcattle5/sietch/internal/encryption/aesencryption/aeskey/encryptionOps.go:177.2,181.46 4 0
github.com/substantialcattle5/sietch/internal/encryption/aesencryption/aeskey/encryptionOps.go:185.55,187.16 2 0
github.com/substantialcattle5/sietch/internal/encryption/aesencryption/aeskey/encryptionOps.go:187.16,189.3 1 0
github.com/substantialcattle5/sietch/internal/encryption/aesencryption/aeskey/encryptionOps.go:191.2,191.31 1 0
github.com/substantialcattle5/sietch/internal/encryption/aesencryption/aeskey/encryptionOps.go:191.31,193.3 1 0
github.com/substantialcattle5/sietch/internal/encryption/aesencryption/aeskey/encryptionOps.go:195.2,198.40 3 0
github.com/substantialcattle5/sietch/internal/encryption/aesencryption/aeskey/encryptionOps.go:198.40,200.3 1 0
github.com/substantialcattle5/sietch/internal/encryption/aesencryption/aeskey/encryptionOps.go:202.2,207.38 4 0
github.com/substantialcattle5/sietch/internal/encryption/aesencryption/aeskey/encryptionOps.go:211.59,212.25 1 0
github.com/substantialcattle5/sietch/internal/encryption/aesencryption/aeskey/encryptionOps.go:212.25,214.3 1 0
github.com/substantialcattle5/sietch/internal/encryption/aesencryption/aeskey/encryptionOps.go:216.2,217.55 2 0
github.com/substantialcattle5/sietch/internal/encryption/aesencryption/aeskey/encryptionOps.go:217.55,219.3 1 0
github.com/substantialcattle5/sietch/internal/encryption/aesencryption/aeskey/encryptionOps.go:222.2,222.60 1 0
github.com/substantialcattle5/sietch/internal/encryption/aesencryption/aeskey/encryptionOps.go:222.60,223.35 1 0
github.com/substantialcattle5/sietch/internal/encryption/aesencryption/aeskey/encryptionOps.go:223.35,225.4 1 0
github.com/substantialcattle5/sietch/internal/encryption/aesencryption/aeskey/encryptionOps.go:228.2,228.47 1 0
github.com/substantialcattle5/sietch/internal/encryption/aesencryption/aeskey/keyDerivation.go:27.69,28.26 1 0
github.com/substantialcattle5/sietch/internal/encryption/aesencryption/aeskey/keyDerivation.go:29.27,30.45 1 0
github.com/substantialcattle5/sietch/internal/encryption/aesencryption/aeskey/keyDerivation.go:31.27,32.45 1 0
github.com/substantialcattle5/sietch/internal/encryption/aesencryption/aeskey/keyDerivation.go:33.10,34.76 1 0
github.com/substantialcattle5/sietch/internal/encryption/aesencryption/aeskey/keyDerivation.go:39.75,48.2 1 0
github.com/substantialcattle5/sietch/internal/encryption/aesencryption/aeskey/keyDerivation.go:51.75,59.2 1 0
github.com/substantialcattle5/sietch/internal/encryption/aesencryption/aeskey/keyDerivation.go:62.48,63.40 1 0
github.com/substantialcattle5/sietch/internal/encryption/aesencryption/aeskey/keyDerivation.go:63.40,65.3 1 0
github.com/substantialcattle5/sietch/internal/encryption/aesencryption/aeskey/keyDerivation.go:67.2,67.38 1 0
github.com/substantialcattle5/sietch/internal/encryption/aesencryption/aeskey/keyDerivation.go:68.27,69.27 1 0
github.com/substantialcattle5/sietch/internal/encryption/aesencryption/aeskey/keyDerivation.go:70.27,71.27 1 0
github.com/substantialcattle5/sietch/internal/encryption/aesencryption/aeskey/keyDerivation.go:76.51,77.43 1 0
github.com/substantialcattle5/sietch/internal/encryption/aesencryption/aeskey/keyDerivation.go:77.43,79.3 1 0
github.com/substantialcattle5/sietch/internal/encryption/aesencryption/aeskey/keyDerivation.go:80.2,80.43 1 0
github.com/substantialcattle5/sietch/internal/encryption/aesencryption/aeskey/keyDerivation.go:80.43,82.3 1 0
github.com/substantialcattle5/sietch/internal/encryption/aesencryption/aeskey/keyDerivation.go:83.2,83.43 1 0
github.com/substantialcattle5/sietch/internal/encryption/aesencryption/aeskey/keyDerivation.go:83.43,85.3 1 0
github.com/substantialcattle5/sietch/internal/encryption/aesencryption/aeskey/keyDerivation.go:89.51,90.43 1 0
github.com/substantialcattle5/sietch/internal/encryption/aesencryption/aeskey/keyDerivation.go:90.43,92.3 1 0
github.com/substantialcattle5/sietch/internal/encryption/aesencryption/aeskey/keyDerivation.go:96.69,105.2 1 0
github.com/substantialcattle5/sietch/internal/encryption/aesencryption/aeskey/keyDerivation.go:108.91,111.43 2 0
github.com/substantialcattle5/sietch/internal/encryption/aesencryption/aeskey/keyDerivation.go:112.27,115.67 3 0
github.com/substantialcattle5/sietch/internal/encryption/aesencryption/aeskey/keyDerivation.go:116.27,117.67 1 0
github.com/substantialcattle5/sietch/internal/encryption/aesencryption/aeskey/keyGeneration.go:21.69,22.47 1 0
github.com/substantialcattle5/sietch/internal/encryption/aesencryption/aeskey/keyGeneration.go:22.47,24.3 1 0
github.com/substantialcattle5/sietch/internal/encryption/aesencryption/aeskey/keyGeneration.go:25.2,25.28 1 0
github.com/substantialcattle5/sietch/internal/encryption/aesencryption/aeskey/keyGeneration.go:29.58,32.16 3 0
github.com/substantialcattle5/sietch/internal/encryption/aesencryption/aeskey/keyGeneration.go:32.16,34.3 1 0
github.com/substantialcattle5/sietch/internal/encryption/aesencryption/aeskey/keyGeneration.go:37.2,37.53 1 0
github.com/substantialcattle5/sietch/internal/encryption/aesencryption/aeskey/keyGeneration.go:37.53,39.3 1 0
github.com/substantialcattle5/sietch/internal/encryption/aesencryption/aeskey/keyGeneration.go:41.2,41.25 1 0
github.com/substantialcattle5/sietch/internal/encryption/aesencryption/aeskey/keyGeneration.go:45.135,48.16 2 0
github.com/substantialcattle5/sietch/internal/encryption/aesencryption/aeskey/keyGeneration.go:48.16,50.3 1 0
github.com/substantialcattle5/sietch/internal/encryption/aesencryption/aeskey/keyGeneration.go:52.2,61.16 6 0
github.com/substantialcattle5/sietch/internal/encryption/aesencryption/aeskey/keyGeneration.go:61.16,63.3 1 0
github.com/substantialcattle5/sietch/internal/encryption/aesencryption/aeskey/keyGeneration.go:65.2,69.16 3 0
github.com/substantialcattle5/sietch/internal/encryption/aesencryption/aeskey/keyGeneration.go:69.16,71.3 1 0
github.com/substantialcattle5/sietch/internal/encryption/aesencryption/aeskey/keyGeneration.go:73.2,74.16 2 0
github.com/substantialcattle5/sietch/internal/encryption/aesencryption/aeskey/keyGeneration.go:74.16,76.3 1 0
github.com/substantialcattle5/sietch/internal/encryption/aesencryption/aeskey/keyGeneration.go:79.2,85.16 5 0
github.com/substantialcattle5/sietch/internal/encryption/aesencryption/aeskey/keyGeneration.go:85.16,87.3 1 0
github.com/substantialcattle5/sietch/internal/encryption/aesencryption/aeskey/keyGeneration.go:88.2,90.12 2 0
github.com/substantialcattle5/sietch/internal/encryption/aesencryption/aeskey/keyGeneration.go:94.77,98.2 3 0
github.com/substantialcattle5/sietch/internal/encryption/aesencryption/aeskey/keyGeneration.go:101.76,103.24 1 0
github.com/substantialcattle5/sietch/internal/encryption/aesencryption/aeskey/keyGeneration.go:103.24,104.67 1 0
github.com/substantialcattle5/sietch/internal/encryption/aesencryption/aeskey/keyGeneration.go:104.67,106.4 1 0
github.com/substantialcattle5/sietch/internal/encryption/aesencryption/aeskey/keyGeneration.go:107.3,107.61 1 0
github.com/substantialcattle5/sietch/internal/encryption/aesencryption/aeskey/keyGeneration.go:111.2,111.30 1 0
github.com/substantialcattle5/sietch/internal/encryption/aesencryption/aeskey/keyGeneration.go:111.30,113.74 2 0
github.com/substantialcattle5/sietch/internal/encryption/aesencryption/aeskey/keyGeneration.go:113.74,115.4 1 0
github.com/substantialcattle5/sietch/internal/encryption/aesencryption/aeskey/keyGeneration.go:116.3,116.59 1 0
github.com/substantialcattle5/sietch/internal/encryption/aesencryption/aeskey/keyGeneration.go:119.2,119.12 1 0
github.com/substantialcattle5/sietch/internal/encryption/aesencryption/aeskey/keyGeneration.go:123.46,127.2 1 0
github.com/substantialcattle5/sietch/internal/encryption/aesencryption/aeskey/keyGeneration.go:130.47,131.37 1 0
github.com/substantialcattle5/sietch/internal/encryption/aesencryption/aeskey/keyGeneration.go:131.37,133.3 1 0
github.com/substantialcattle5/sietch/internal/encryption/aesencryption/aeskey/keyGeneration.go:137.77,138.42 1 0
github.com/substantialcattle5/sietch/internal/encryption/aesencryption/aeskey/keyGeneration.go:138.42,140.3 1 0
github.com/substantialcattle5/sietch/internal/encryption/aesencryption/aeskey/keyGeneration.go:144.78,152.2 1 0
github.com/substantialcattle5/sietch/internal/encryption/aesencryption/aeskey/pbkdf2KeyGeneration.go:11.70,32.16 3 0
github.com/substantialcattle5/sietch/internal/encryption/aesencryption/aeskey/pbkdf2KeyGeneration.go:32.16,34.3 1 0
github.com/substantialcattle5/sietch/internal/encryption/aesencryption/aeskey/pbkdf2KeyGeneration.go:37.2,40.12 3 0
github.com/substantialcattle5/sietch/internal/encryption/aesencryption/aeskey/prompt.go:13.68,22.16 3 0
github.com/substantialcattle5/sietch/internal/encryption/aesencryption/aeskey/prompt.go:22.16,24.3 1 0
github.com/substantialcattle5/sietch/internal/encryption/aesencryption/aeskey/prompt.go:25.2,25.49 1 0
github.com/substantialcattle5/sietch/internal/encryption/aesencryption/aeskey/prompt.go:29.69,40.16 4 0
github.com/substantialcattle5/sietch/internal/encryption/aesencryption/aeskey/prompt.go:40.16,42.3 1 0
github.com/substantialcattle5/sietch/internal/encryption/aesencryption/aeskey/prompt.go:43.2,45.12 2 0
github.com/substantialcattle5/sietch/internal/encryption/aesencryption/aeskey/prompt.go:49.73,61.16 4 0
github.com/substantialcattle5/sietch/internal/encryption/aesencryption/aeskey/prompt.go:61.16,63.3 1 0
github.com/substantialcattle5/sietch/internal/encryption/aesencryption/aeskey/prompt.go:66.2,67.12 2 0
github.com/substantialcattle5/sietch/internal/encryption/aesencryption/aeskey/prompt.go:71.67,79.16 3 0
github.com/substantialcattle5/sietch/internal/encryption/aesencryption/aeskey/prompt.go:79.16,81.3 1 0
github.com/substantialcattle5/sietch/internal/encryption/aesencryption/aeskey/prompt.go:82.2,83.12 2 0
github.com/substantialcattle5/sietch/internal/encryption/aesencryption/aeskey/prompt.go:87.64,104.16 3 0
github.com/substantialcattle5/sietch/internal/encryption/aesencryption/aeskey/prompt.go:104.16,106.3 1 0
github.com/substantialcattle5/sietch/internal/encryption/aesencryption/aeskey/prompt.go:107.2,109.32 2 0
github.com/substantialcattle5/sietch/internal/encryption/aesencryption/aeskey/prompt.go:109.32,111.3 1 0
github.com/substantialcattle5/sietch/internal/encryption/aesencryption/aeskey/prompt.go:112.2,112.46 1 0
github.com/substantialcattle5/sietch/internal/encryption/aesencryption/aeskey/scryptKeyGeneration.go:12.70,20.16 3 0
github.com/substantialcattle5/sietch/internal/encryption/aesencryption/aeskey/scryptKeyGeneration.go:20.16,22.3 1 0
github.com/substantialcattle5/sietch/internal/encryption/aesencryption/aeskey/scryptKeyGeneration.go:24.2,27.12 4 0
github.com/substantialcattle5/sietch/internal/encryption/aesencryption/aeskey/scryptKeyGeneration.go:31.78,52.16 3 0
github.com/substantialcattle5/sietch/internal/encryption/aesencryption/aeskey/scryptKeyGeneration.go:52.16,54.3 1 0
github.com/substantialcattle5/sietch/internal/encryption/aesencryption/aeskey/scryptKeyGeneration.go:57.2,64.12 5 0
github.com/substantialcattle5/sietch/internal/encryption/aesencryption/aeskey/utilities.go:17.38,19.44 2 0
github.com/substantialcattle5/sietch/internal/encryption/aesencryption/aeskey/utilities.go:19.44,21.3 1 0
github.com/substantialcattle5/sietch/internal/encryption/aesencryption/aeskey/utilities.go:22.2,22.54 1 0
github.com/substantialcattle5/sietch/internal/encryption/aesencryption/aeskey/utilities.go:26.35,28.41 2 0
github.com/substantialcattle5/sietch/internal/encryption/aesencryption/aeskey/utilities.go:28.41,30.3 1 0
github.com/substantialcattle5/sietch/internal/encryption/aesencryption/aeskey/utilities.go:31.2,31.51 1 0
github.com/substantialcattle5/sietch/internal/encryption/aesencryption/aeskey/utilities.go:35.37,37.43 2 0
github.com/substantialcattle5/sietch/internal/encryption/aesencryption/aeskey/utilities.go:37.43,39.3 1 0
github.com/substantialcattle5/sietch/internal/encryption/aesencryption/aeskey/utilities.go:40.2,40.53 1 0
github.com/substantialcattle5/sietch/internal/encryption/aesencryption/aeskey/utilities.go:44.42,46.42 2 0
github.com/substantialcattle5/sietch/internal/encryption/aesencryption/aeskey/utilities.go:46.42,48.3 1 0
github.com/substantialcattle5/sietch/internal/encryption/aesencryption/aeskey/utilities.go:49.2,49.17 1 0
github.com/substantialcattle5/sietch/internal/encryption/aesencryption/aeskey/utilities.go:55.53,58.67 2 0
github.com/substantialcattle5/sietch/internal/encryption/aesencryption/aeskey/utilities.go:58.67,60.3 1 0
github.com/substantialcattle5/sietch/internal/encryption/aesencryption/aeskey/utilities.go:62.2,62.59 1 0
github.com/substantialcattle5/sietch/internal/encryption/aesencryption/aeskey/utilities.go:66.37,68.37 1 0
github.com/substantialcattle5/sietch/internal/encryption/aesencryption/aeskey/utilities.go:68.37,70.17 2 0
github.com/substantialcattle5/sietch/internal/encryption/aesencryption/aeskey/utilities.go:70.17,72.4 1 0
github.com/substantialcattle5/sietch/internal/encryption/aesencryption/aeskey/utilities.go:73.3,73.39 1 0
github.com/substantialcattle5/sietch/internal/encryption/aesencryption/aeskey/utilities.go:75.2,75.13 1 0
github.com/substantialcattle5/sietch/internal/encryption/aesencryption/aeskey/utilities.go:81.42,84.2 2 0
github.com/substantialcattle5/sietch/internal/encryption/aesencryption/aeskey/utilities.go:87.53,90.2 2 0
github.com/substantialcattle5/sietch/internal/encryption/aesencryption/aeskey/utilities.go:93.63,94.58 1 0
github.com/substantialcattle5/sietch/internal/encryption/aesencryption/aeskey/utilities.go:94.58,96.3 1 0
github.com/substantialcattle5/sietch/internal/encryption/aesencryption/aeskey/utilities.go:98.2,98.86 1 0
github.com/substantialcattle5/sietch/internal/encryption/aesencryption/aeskey/utilities.go:98.86,100.3 1 0
github.com/substantialcattle5/sietch/internal/encryption/aesencryption/aeskey/utilities.go:102.2,102.12 1 0
github.com/substantialcattle5/sietch/internal/encryption/aesencryption/aeskey/utilities.go:106.48,108.110 2 0
github.com/substantialcattle5/sietch/internal/encryption/aesencryption/aeskey/utilities.go:108.110,111.3 1 0
github.com/substantialcattle5/sietch/internal/encryption/aesencryption/aeskey/utilities.go:112.2,112.12 1 0
github.com/substantialcattle5/sietch/internal/encryption/aesencryption/aeskey/validation.go:17.51,23.16 3 0
github.com/substantialcattle5/sietch/internal/encryption/aesencryption/aeskey/validation.go:23.16,25.3 1 0
github.com/substantialcattle5/sietch/internal/encryption/aesencryption/aeskey/validation.go:28.2,29.16 2 0
github.com/substantialcattle5/sietch/internal/encryption/aesencryption/aeskey/validation.go:29.16,31.3 1 0
github.com/substantialcattle5/sietch/internal/encryption/aesencryption/aeskey/validation.go:34.2,35.44 2 0
github.com/substantialcattle5/sietch/internal/encryption/aesencryption/aeskey/validation.go:35.44,37.3 1 0
github.com/substantialcattle5/sietch/internal/encryption/aesencryption/aeskey/validation.go:40.2,44.55 3 0
github.com/substantialcattle5/sietch/internal/encryption/aesencryption/aeskey/validation.go:48.77,51.72 3 0
github.com/substantialcattle5/sietch/internal/encryption/aesencryption/aeskey/validation.go:51.72,55.3 2 0
github.com/substantialcattle5/sietch/internal/encryption/aesencryption/aeskey/validation.go:56.2,56.12 1 0
github.com/substantialcattle5/sietch/internal/encryption/aesencryption/aeskey/validation.go:60.65,63.16 2 0
github.com/substantialcattle5/sietch/internal/encryption/aesencryption/aeskey/validation.go:63.16,65.3 1 0
github.com/substantialcattle5/sietch/internal/encryption/aesencryption/aeskey/validation.go:68.2,69.16 2 0
github.com/substantialcattle5/sietch/internal/encryption/aesencryption/aeskey/validation.go:69.16,71.3 1 0
github.com/substantialcattle5/sietch/internal/encryption/aesencryption/aeskey/validation.go:74.2,75.16 2 0
github.com/substantialcattle5/sietch/internal/encryption/aesencryption/aeskey/validation.go:75.16,77.3 1 0
github.com/substantialcattle5/sietch/internal/encryption/aesencryption/aeskey/validation.go:80.2,82.32 2 0
github.com/substantialcattle5/sietch/internal/encryption/aesencryption/aeskey/validation.go:82.32,84.3 1 0
github.com/substantialcattle5/sietch/internal/encryption/aesencryption/aeskey/validation.go:87.2,92.16 4 0
github.com/substantialcattle5/sietch/internal/encryption/aesencryption/aeskey/validation.go:92.16,94.3 1 0
github.com/substantialcattle5/sietch/internal/encryption/aesencryption/aeskey/validation.go:97.2,97.56 1 0
github.com/substantialcattle5/sietch/internal/encryption/aesencryption/aeskey/validation.go:97.56,99.3 1 0
github.com/substantialcattle5/sietch/internal/encryption/aesencryption/aeskey/validation.go:101.2,101.12 1 0
github.com/substantialcattle5/sietch/internal/encryption/aesencryption/aeskey/validation.go:105.71,108.16 2 0
github.com/substantialcattle5/sietch/internal/encryption/aesencryption/aeskey/validation.go:108.16,110.3 1 0
github.com/substantialcattle5/sietch/internal/encryption/aesencryption/aeskey/validation.go:113.2,114.16 2 0
github.com/substantialcattle5/sietch/internal/encryption/aesencryption/aeskey/validation.go:114.16,116.3 1 0
github.com/substantialcattle5/sietch/internal/encryption/aesencryption/aeskey/validation.go:119.2,121.32 2 0
github.com/substantialcattle5/sietch/internal/encryption/aesencryption/aeskey/validation.go:121.32,123.3 1 0
github.com/substantialcattle5/sietch/internal/encryption/aesencryption/aeskey/validation.go:126.2,131.16 4 0
github.com/substantialcattle5/sietch/internal/encryption/aesencryption/aeskey/validation.go:131.16,133.3 1 0
github.com/substantialcattle5/sietch/internal/encryption/aesencryption/aeskey/validation.go:136.2,137.16 2 0
github.com/substantialcattle5/sietch/internal/encryption/aesencryption/aeskey/validation.go:137.16,139.3 1 0
github.com/substantialcattle5/sietch/internal/encryption/aesencryption/aeskey/validation.go:142.2,142.56 1 0
github.com/substantialcattle5/sietch/internal/encryption/aesencryption/aeskey/validation.go:142.56,144.3 1 0
github.com/substantialcattle5/sietch/internal/encryption/aesencryption/aeskey/validation.go:146.2,147.12 2 0
github.com/substantialcattle5/sietch/internal/encryption/aesencryption/aeskey/validation.go:151.47,155.37 2 0
github.com/substantialcattle5/sietch/internal/encryption/aesencryption/aeskey/validation.go:155.37,160.65 3 0
github.com/substantialcattle5/sietch/internal/encryption/aesencryption/aeskey/validation.go:160.65,162.18 2 0
github.com/substantialcattle5/sietch/internal/encryption/aesencryption/aeskey/validation.go:162.18,164.5 1 0
github.com/substantialcattle5/sietch/internal/encryption/aesencryption/aeskey/validation.go:164.10,166.5 1 0
github.com/substantialcattle5/sietch/internal/encryption/aesencryption/aeskey/validation.go:170.3,170.68 1 0
github.com/substantialcattle5/sietch/internal/encryption/aesencryption/aeskey/validation.go:170.68,172.18 2 0
github.com/substantialcattle5/sietch/internal/encryption/aesencryption/aeskey/validation.go:172.18,174.5 1 0
github.com/substantialcattle5/sietch/internal/encryption/aesencryption/aeskey/validation.go:174.10,176.5 1 0
github.com/substantialcattle5/sietch/internal/encryption/aesencryption/aeskey/validation.go:180.3,180.53 1 0
github.com/substantialcattle5/sietch/internal/encryption/aesencryption/aeskey/validation.go:180.53,182.18 2 0
github.com/substantialcattle5/sietch/internal/encryption/aesencryption/aeskey/validation.go:182.18,184.5 1 0
github.com/substantialcattle5/sietch/internal/encryption/aesencryption/aeskey/validation.go:184.10,186.26 2 0
github.com/substantialcattle5/sietch/internal/encryption/aesencryption/aeskey/validation.go:186.26,189.24 2 0
github.com/substantialcattle5/sietch/internal/encryption/aesencryption/aeskey/validation.go:189.24,192.65 3 0
github.com/substantialcattle5/sietch/internal/encryption/aesencryption/aeskey/validation.go:192.65,194.8 1 0
github.com/substantialcattle5/sietch/internal/encryption/aesencryption/aeskey/validation.go:200.2,200.46 1 0
github.com/substantialcattle5/sietch/internal/encryption/aesencryption/prompt.go:13.64,15.47 1 0
github.com/substantialcattle5/sietch/internal/encryption/aesencryption/prompt.go:15.47,17.3 1 0
github.com/substantialcattle5/sietch/internal/encryption/aesencryption/prompt.go:19.2,19.53 1 0
github.com/substantialcattle5/sietch/internal/encryption/aesencryption/prompt.go:19.53,21.3 1 0
github.com/substantialcattle5/sietch/internal/encryption/aesencryption/prompt.go:23.2,23.77 1 0
github.com/substantialcattle5/sietch/internal/encryption/aesencryption/prompt.go:23.77,25.3 1 0
github.com/substantialcattle5/sietch/internal/encryption/aesencryption/prompt.go:27.2,27.50 1 0
github.com/substantialcattle5/sietch/internal/encryption/aesencryption/prompt.go:27.50,28.64 1 0
github.com/substantialcattle5/sietch/internal/encryption/aesencryption/prompt.go:28.64,30.4 1 0
github.com/substantialcattle5/sietch/internal/encryption/aesencryption/prompt.go:33.3,34.17 2 0
github.com/substantialcattle5/sietch/internal/encryption/aesencryption/prompt.go:34.17,36.4 1 0
github.com/substantialcattle5/sietch/internal/encryption/aesencryption/prompt.go:38.3,39.17 2 0
github.com/substantialcattle5/sietch/internal/encryption/aesencryption/prompt.go:39.17,41.4 1 0
github.com/substantialcattle5/sietch/internal/encryption/aesencryption/prompt.go:44.3,46.59 3 0
github.com/substantialcattle5/sietch/internal/encryption/aesencryption/prompt.go:47.8,48.68 1 0
github.com/substantialcattle5/sietch/internal/encryption/aesencryption/prompt.go:48.68,50.4 1 0
github.com/substantialcattle5/sietch/internal/encryption/aesencryption/prompt.go:53.3,54.17 2 0
github.com/substantialcattle5/sietch/internal/encryption/aesencryption/prompt.go:54.17,56.4 1 0
github.com/substantialcattle5/sietch/internal/encryption/aesencryption/prompt.go:59.3,60.55 2 0
github.com/substantialcattle5/sietch/internal/encryption/aesencryption/prompt.go:63.2,63.12 1 0
github.com/substantialcattle5/sietch/internal/encryption/aesencryption/prompt.go:67.61,84.16 3 0
github.com/substantialcattle5/sietch/internal/encryption/aesencryption/prompt.go:84.16,86.3 1 0
github.com/substantialcattle5/sietch/internal/encryption/aesencryption/prompt.go:87.2,88.12 2 0
github.com/substantialcattle5/sietch/internal/chunk/chunkFile.go:27.166,29.20 1 0
github.com/substantialcattle5/sietch/internal/chunk/chunkFile.go:29.20,31.3 1 0
github.com/substantialcattle5/sietch/internal/chunk/chunkFile.go:33.2,34.16 2 0
github.com/substantialcattle5/sietch/internal/chunk/chunkFile.go:34.16,36.3 1 0
github.com/substantialcattle5/sietch/internal/chunk/chunkFile.go:37.2,41.16 3 0
github.com/substantialcattle5/sietch/internal/chunk/chunkFile.go:41.16,43.3 1 0
github.com/substantialcattle5/sietch/internal/chunk/chunkFile.go:44.2,51.16 4 0
github.com/substantialcattle5/sietch/internal/chunk/chunkFile.go:51.16,53.3 1 0
github.com/substantialcattle5/sietch/internal/chunk/chunkFile.go:56.2,57.75 2 0
github.com/substantialcattle5/sietch/internal/chunk/chunkFile.go:57.75,59.3 1 0
github.com/substantialcattle5/sietch/internal/chunk/chunkFile.go:62.2,62.130 1 0
github.com/substantialcattle5/sietch/internal/chunk/chunkFile.go:62.130,64.3 1 0
github.com/substantialcattle5/sietch/internal/chunk/chunkFile.go:67.2,68.16 2 0
github.com/substantialcattle5/sietch/internal/chunk/chunkFile.go:68.16,70.3 1 0
github.com/substantialcattle5/sietch/internal/chunk/chunkFile.go:72.2,73.16 2 0
github.com/substantialcattle5/sietch/internal/chunk/chunkFile.go:73.16,75.3 1 0
github.com/substantialcattle5/sietch/internal/chunk/chunkFile.go:78.2,81.44 2 0
github.com/substantialcattle5/sietch/internal/chunk/chunkFile.go:81.44,83.3 1 0
github.com/substantialcattle5/sietch/internal/chunk/chunkFile.go:85.2,85.23 1 0
github.com/substantialcattle5/sietch/internal/chunk/chunkFile.go:88.223,96.6 5 0
github.com/substantialcattle5/sietch/internal/chunk/chunkFile.go:96.6,98.10 1 0
github.com/substantialcattle5/sietch/internal/chunk/chunkFile.go:99.21,100.49 1 0
github.com/substantialcattle5/sietch/internal/chunk/chunkFile.go:101.11,101.11 0 0
github.com/substantialcattle5/sietch/internal/chunk/chunkFile.go:104.3,105.34 2 0
github.com/substantialcattle5/sietch/internal/chunk/chunkFile.go:105.34,107.4 1 0
github.com/substantialcattle5/sietch/internal/chunk/chunkFile.go:109.3,109.21 1 0
github.com/substantialcattle5/sietch/internal/chunk/chunkFile.go:109.21,111.9 1 0
github.com/substantialcattle5/sietch/internal/chunk/chunkFile.go:114.3,122.17 5 0
github.com/substantialcattle5/sietch/internal/chunk/chunkFile.go:122.17,124.4 1 0
github.com/substantialcattle5/sietch/internal/chunk/chunkFile.go:125.3,133.17 5 0
github.com/substantialcattle5/sietch/internal/chunk/chunkFile.go:133.17,135.4 1 0
github.com/substantialcattle5/sietch/internal/chunk/chunkFile.go:138.3,151.81 3 0
github.com/substantialcattle5/sietch/internal/chunk/chunkFile.go:151.81,159.50 4 0
github.com/substantialcattle5/sietch/internal/chunk/chunkFile.go:159.50,165.5 1 0
github.com/substantialcattle5/sietch/internal/chunk/chunkFile.go:165.10,170.5 1 0
github.com/substantialcattle5/sietch/internal/chunk/chunkFile.go:172.4,172.25 1 0
github.com/substantialcattle5/sietch/internal/chunk/chunkFile.go:172.25,174.5 1 0
github.com/substantialcattle5/sietch/internal/chunk/chunkFile.go:177.4,178.18 2 0
github.com/substantialcattle5/sietch/internal/chunk/chunkFile.go:178.18,180.5 1 0
github.com/substantialcattle5/sietch/internal/chunk/chunkFile.go:181.4,190.18 6 0
github.com/substantialcattle5/sietch/internal/chunk/chunkFile.go:190.18,192.5 1 0
github.com/substantialcattle5/sietch/internal/chunk/chunkFile.go:193.4,196.144 2 0
github.com/substantialcattle5/sietch/internal/chunk/chunkFile.go:197.9,200.18 2 0
github.com/substantialcattle5/sietch/internal/chunk/chunkFile.go:200.18,202.5 1 0
github.com/substantialcattle5/sietch/internal/chunk/chunkFile.go:203.4,206.145 2 0
github.com/substantialcattle5/sietch/internal/chunk/chunkFile.go:210.3,212.20 2 0
github.com/substantialcattle5/sietch/internal/chunk/chunkFile.go:212.20,213.9 1 0
github.com/substantialcattle5/sietch/internal/chunk/chunkFile.go:217.2,220.23 3 0
github.com/substantialcattle5/sietch/internal/chunk/prompt.go:13.67,14.60 1 0
github.com/substantialcattle5/sietch/internal/chunk/prompt.go:14.60,16.3 1 0
github.com/substantialcattle5/sietch/internal/chunk/prompt.go:18.2,18.63 1 0
github.com/substantialcattle5/sietch/internal/chunk/prompt.go:18.63,20.3 1 0
github.com/substantialcattle5/sietch/internal/chunk/prompt.go:22.2,22.12 1 0
github.com/substantialcattle5/sietch/internal/chunk/prompt.go:26.68,46.16 3 0
github.com/substantialcattle5/sietch/internal/chunk/prompt.go:46.16,48.3 1 0
github.com/substantialcattle5/sietch/internal/chunk/prompt.go:49.2,55.38 2 0
github.com/substantialcattle5/sietch/internal/chunk/prompt.go:55.38,56.22 1 0
github.com/substantialcattle5/sietch/internal/chunk/prompt.go:56.22,58.5 1 0
github.com/substantialcattle5/sietch/internal/chunk/prompt.go:59.4,59.14 1 0
github.com/substantialcattle5/sietch/internal/chunk/prompt.go:63.2,64.16 2 0
github.com/substantialcattle5/sietch/internal/chunk/prompt.go:64.16,66.3 1 0
github.com/substantialcattle5/sietch/internal/chunk/prompt.go:67.2,89.16 4 0
github.com/substantialcattle5/sietch/internal/chunk/prompt.go:89.16,91.3 1 0
github.com/substantialcattle5/sietch/internal/chunk/prompt.go:92.2,94.12 2 0
github.com/substantialcattle5/sietch/internal/chunk/prompt.go:98.71,117.16 3 0
github.com/substantialcattle5/sietch/internal/chunk/prompt.go:117.16,119.3 1 0
github.com/substantialcattle5/sietch/internal/chunk/prompt.go:120.2,122.12 2 0
github.com/substantialcattle5/sietch/internal/chunk/util.go:17.178,19.39 2 0
github.com/substantialcattle5/sietch/internal/chunk/util.go:19.39,24.3 1 0
github.com/substantialcattle5/sietch/internal/chunk/util.go:26.2,27.18 2 0
github.com/substantialcattle5/sietch/internal/chunk/util.go:27.18,29.3 1 0
github.com/substantialcattle5/sietch/internal/chunk/util.go:31.2,32.53 2 0
github.com/substantialcattle5/sietch/internal/chunk/util.go:32.53,34.3 1 0
github.com/substantialcattle5/sietch/internal/chunk/util.go:36.2,37.15 2 0
github.com/substantialcattle5/sietch/internal/chunk/util.go:37.15,39.3 1 0
github.com/substantialcattle5/sietch/internal/chunk/util.go:41.2,47.13 1 0
github.com/substantialcattle5/sietch/internal/chunk/util.go:51.165,53.2 1 0
github.com/substantialcattle5/sietch/internal/chunk/util.go:56.56,57.19 1 0
github.com/substantialcattle5/sietch/internal/chunk/util.go:58.41,59.27 1 0
github.com/substantialcattle5/sietch/internal/chunk/util.go:60.37,61.27 1 0
github.com/substantialcattle5/sietch/internal/chunk/util.go:62.35,64.25 1 0
github.com/substantialcattle5/sietch/internal/chunk/util.go:65.37,66.27 1 0
github.com/substantialcattle5/sietch/internal/chunk/util.go:67.10,68.70 1 0
github.com/substantialcattle5/sietch/internal/p2p/discovery.go:16.28,18.2 1 0
github.com/substantialcattle5/sietch/internal/p2p/discovery.go:21.69,23.2 1 0
github.com/substantialcattle5/sietch/internal/p2p/discovery.go:26.127,30.2 1 0
github.com/substantialcattle5/sietch/internal/p2p/mdns.go:32.57,34.2 1 0
github.com/substantialcattle5/sietch/internal/p2p/mdns.go:37.58,39.2 1 0
github.com/substantialcattle5/sietch/internal/p2p/mdns.go:42.58,44.2 1 0
github.com/substantialcattle5/sietch/internal/p2p/mdns.go:47.60,69.2 6 0
github.com/substantialcattle5/sietch/internal/p2p/mdns.go:72.58,76.15 3 0
github.com/substantialcattle5/sietch/internal/p2p/mdns.go:76.15,78.3 1 0
github.com/substantialcattle5/sietch/internal/p2p/mdns.go:80.2,80.14 1 0
github.com/substantialcattle5/sietch/internal/p2p/mdns.go:80.14,82.3 1 0
github.com/substantialcattle5/sietch/internal/p2p/mdns.go:85.2,85.42 1 0
github.com/substantialcattle5/sietch/internal/p2p/mdns.go:85.42,87.3 1 0
github.com/substantialcattle5/sietch/internal/p2p/mdns.go:89.2,90.12 2 0
github.com/substantialcattle5/sietch/internal/p2p/mdns.go:94.38,98.28 3 0
github.com/substantialcattle5/sietch/internal/p2p/mdns.go:98.28,100.3 1 0
github.com/substantialcattle5/sietch/internal/p2p/mdns.go:103.2,103.42 1 0
github.com/substantialcattle5/sietch/internal/p2p/mdns.go:103.42,105.3 1 0
github.com/substantialcattle5/sietch/internal/p2p/mdns.go:108.2,112.12 4 0
github.com/substantialcattle5/sietch/internal/p2p/mdns.go:116.64,118.2 1 0
github.com/substantialcattle5/sietch/internal/p2p/node.go:12.52,13.30 1 0
github.com/substantialcattle5/sietch/internal/p2p/node.go:13.30,15.3 1 0
github.com/substantialcattle5/sietch/internal/p2p/node.go:17.2,24.14 3 0
github.com/substantialcattle5/sietch/internal/p2p/node.go:24.14,28.3 1 0
github.com/substantialcattle5/sietch/internal/p2p/node.go:28.8,32.3 1 0
github.com/substantialcattle5/sietch/internal/p2p/node.go:34.2,36.28 2 0
github.com/substantialcattle5/sietch/internal/p2p/sync.go:69.76,84.2 5 0
github.com/substantialcattle5/sietch/internal/p2p/sync.go:93.25,96.16 2 0
github.com/substantialcattle5/sietch/internal/p2p/sync.go:96.16,98.3 1 0
github.com/substantialcattle5/sietch/internal/p2p/sync.go:100.2,112.55 2 0
github.com/substantialcattle5/sietch/internal/p2p/sync.go:112.55,113.54 1 0
github.com/substantialcattle5/sietch/internal/p2p/sync.go:113.54,116.18 2 0
github.com/substantialcattle5/sietch/internal/p2p/sync.go:116.18,118.13 2 0
github.com/substantialcattle5/sietch/internal/p2p/sync.go:122.4,123.20 2 0
github.com/substantialcattle5/sietch/internal/p2p/sync.go:123.20,125.13 2 0
github.com/substantialcattle5/sietch/internal/p2p/sync.go:128.4,129.18 2 0
github.com/substantialcattle5/sietch/internal/p2p/sync.go:129.18,131.13 2 0
github.com/substantialcattle5/sietch/internal/p2p/sync.go:134.4,135.11 2 0
github.com/substantialcattle5/sietch/internal/p2p/sync.go:135.11,137.13 2 0
github.com/substantialcattle5/sietch/internal/p2p/sync.go:141.4,147.5 1 0
github.com/substantialcattle5/sietch/internal/p2p/sync.go:152.2,154.15 2 0
github.com/substantialcattle5/sietch/internal/p2p/sync.go:158.62,165.25 4 0
github.com/substantialcattle5/sietch/internal/p2p/sync.go:165.25,168.3 2 0
github.com/substantialcattle5/sietch/internal/p2p/sync.go:172.55,175.2 2 0
github.com/substantialcattle5/sietch/internal/p2p/sync.go:179.64,182.24 2 0
github.com/substantialcattle5/sietch/internal/p2p/sync.go:182.24,185.3 2 0
github.com/substantialcattle5/sietch/internal/p2p/sync.go:188.2,193.6 5 0
github.com/substantialcattle5/sietch/internal/p2p/sync.go:193.6,195.20 2 0
github.com/substantialcattle5/sietch/internal/p2p/sync.go:195.20,196.9 1 0
github.com/substantialcattle5/sietch/internal/p2p/sync.go:198.3,198.17 1 0
github.com/substantialcattle5/sietch/internal/p2p/sync.go:198.17,201.4 2 0
github.com/substantialcattle5/sietch/internal/p2p/sync.go:202.3,205.52 2 0
github.com/substantialcattle5/sietch/internal/p2p/sync.go:205.52,207.9 1 0
github.com/substantialcattle5/sietch/internal/p2p/sync.go:212.2,213.18 2 0
github.com/substantialcattle5/sietch/internal/p2p/sync.go:213.18,216.3 2 0
github.com/substantialcattle5/sietch/internal/p2p/sync.go:219.2,222.20 3 0
github.com/substantialcattle5/sietch/internal/p2p/sync.go:223.24,226.17 2 0
github.com/substantialcattle5/sietch/internal/p2p/sync.go:226.17,228.4 1 0
github.com/substantialcattle5/sietch/internal/p2p/sync.go:228.9,230.4 1 0
github.com/substantialcattle5/sietch/internal/p2p/sync.go:231.20,234.17 2 0
github.com/substantialcattle5/sietch/internal/p2p/sync.go:234.17,237.4 2 0
github.com/substantialcattle5/sietch/internal/p2p/sync.go:238.3,240.10 3 0
github.com/substantialcattle5/sietch/internal/p2p/sync.go:240.10,243.4 2 0
github.com/substantialcattle5/sietch/internal/p2p/sync.go:244.10,246.9 2 0
github.com/substantialcattle5/sietch/internal/p2p/sync.go:250.2,251.16 2 0
github.com/substantialcattle5/sietch/internal/p2p/sync.go:251.16,254.3 2 0
github.com/substantialcattle5/sietch/internal/p2p/sync.go:256.2,261.16 4 0
github.com/substantialcattle5/sietch/internal/p2p/sync.go:261.16,264.3 2 0
github.com/substantialcattle5/sietch/internal/p2p/sync.go:266.2,273.16 4 0
github.com/substantialcattle5/sietch/internal/p2p/sync.go:273.16,276.3 2 0
github.com/substantialcattle5/sietch/internal/p2p/sync.go:279.2,287.101 3 0
github.com/substantialcattle5/sietch/internal/p2p/sync.go:291.67,301.67 4 0
github.com/substantialcattle5/sietch/internal/p2p/sync.go:301.67,304.3 2 0
github.com/substantialcattle5/sietch/internal/p2p/sync.go:307.2,309.16 3 0
github.com/substantialcattle5/sietch/internal/p2p/sync.go:309.16,312.3 2 0
github.com/substantialcattle5/sietch/internal/p2p/sync.go:315.2,326.65 3 0
github.com/substantialcattle5/sietch/internal/p2p/sync.go:326.65,328.3 1 0
github.com/substantialcattle5/sietch/internal/p2p/sync.go:332.68,338.45 3 0
github.com/substantialcattle5/sietch/internal/p2p/sync.go:338.45,339.43 1 0
github.com/substantialcattle5/sietch/internal/p2p/sync.go:339.43,349.4 4 0
github.com/substantialcattle5/sietch/internal/p2p/sync.go:353.2,354.16 2 0
github.com/substantialcattle5/sietch/internal/p2p/sync.go:354.16,365.3 4 0
[...]
github.com/substantialcattle5/sietch/internal/fs/storage.go:18.2,18.12 1 0
github.com/substantialcattle5/sietch/internal/fs/storage.go:22.58,26.2 3 0
github.com/substantialcattle5/sietch/internal/fs/storage.go:29.66,33.16 3 0
github.com/substantialcattle5/sietch/internal/fs/storage.go:33.16,35.3 1 0
github.com/substantialcattle5/sietch/internal/fs/storage.go:37.2,37.18 1 0
github.com/substantialcattle5/sietch/internal/vault/PrepareVaultPath.go:9.91,11.16 2 1
github.com/substantialcattle5/sietch/internal/vault/PrepareVaultPath.go:11.16,13.3 1 0
github.com/substantialcattle5/sietch/internal/vault/PrepareVaultPath.go:16.2,17.46 2 1
github.com/substantialcattle5/sietch/internal/vault/PrepareVaultPath.go:17.46,18.17 1 1
github.com/substantialcattle5/sietch/internal/vault/PrepareVaultPath.go:18.17,20.4 1 1
github.com/substantialcattle5/sietch/internal/vault/PrepareVaultPath.go:24.2,24.26 1 1
github.com/substantialcattle5/sietch/internal/vault/prompt.go:15.65,20.38 1 0
github.com/substantialcattle5/sietch/internal/vault/prompt.go:20.38,21.49 1 0
github.com/substantialcattle5/sietch/internal/vault/prompt.go:21.49,23.5 1 0
github.com/substantialcattle5/sietch/internal/vault/prompt.go:24.4,24.14 1 0
github.com/substantialcattle5/sietch/internal/vault/prompt.go:28.2,29.16 2 0
github.com/substantialcattle5/sietch/internal/vault/prompt.go:29.16,31.3 1 0
github.com/substantialcattle5/sietch/internal/vault/prompt.go:32.2,33.12 2 0
github.com/substantialcattle5/sietch/internal/vault/prompt.go:37.68,46.16 3 0
github.com/substantialcattle5/sietch/internal/vault/prompt.go:46.16,48.3 1 0
github.com/substantialcattle5/sietch/internal/vault/prompt.go:49.2,59.16 4 0
github.com/substantialcattle5/sietch/internal/vault/prompt.go:59.16,61.3 1 0
github.com/substantialcattle5/sietch/internal/vault/prompt.go:64.2,65.27 2 0
github.com/substantialcattle5/sietch/internal/vault/prompt.go:65.27,67.3 1 0
github.com/substantialcattle5/sietch/internal/vault/prompt.go:68.2,70.12 2 0
github.com/substantialcattle5/sietch/internal/validation/HandleKeyGeneration.go:32.115,37.26 4 1
github.com/substantialcattle5/sietch/internal/validation/HandleKeyGeneration.go:37.26,39.68 1 1
github.com/substantialcattle5/sietch/internal/validation/HandleKeyGeneration.go:39.68,41.4 1 0
github.com/substantialcattle5/sietch/internal/validation/HandleKeyGeneration.go:42.3,42.55 1 1
github.com/substantialcattle5/sietch/internal/validation/HandleKeyGeneration.go:43.8,46.17 2 1
github.com/substantialcattle5/sietch/internal/validation/HandleKeyGeneration.go:46.17,48.4 1 0
github.com/substantialcattle5/sietch/internal/validation/HandleKeyGeneration.go:51.2,51.23 1 1
github.com/substantialcattle5/sietch/internal/validation/HandleKeyGeneration.go:54.65,57.16 2 1
github.com/substantialcattle5/sietch/internal/validation/HandleKeyGeneration.go:57.16,59.3 1 1
github.com/substantialcattle5/sietch/internal/validation/HandleKeyGeneration.go:62.2,63.51 2 1
github.com/substantialcattle5/sietch/internal/validation/HandleKeyGeneration.go:63.51,65.3 1 1
github.com/substantialcattle5/sietch/internal/validation/HandleKeyGeneration.go:68.2,68.66 1 1
github.com/substantialcattle5/sietch/internal/validation/HandleKeyGeneration.go:68.66,70.3 1 0
github.com/substantialcattle5/sietch/internal/validation/HandleKeyGeneration.go:72.2,72.12 1 1
github.com/substantialcattle5/sietch/internal/validation/HandleKeyGeneration.go:75.105,79.26 3 1
github.com/substantialcattle5/sietch/internal/validation/HandleKeyGeneration.go:79.26,81.17 2 1
github.com/substantialcattle5/sietch/internal/validation/HandleKeyGeneration.go:81.17,83.4 1 0
github.com/substantialcattle5/sietch/internal/validation/HandleKeyGeneration.go:86.2,86.24 1 1
github.com/substantialcattle5/sietch/internal/validation/HandleKeyGeneration.go:87.35,88.57 1 1
github.com/substantialcattle5/sietch/internal/validation/HandleKeyGeneration.go:89.40,90.62 1 0
github.com/substantialcattle5/sietch/internal/validation/HandleKeyGeneration.go:91.35,92.48 1 0
github.com/substantialcattle5/sietch/internal/validation/HandleKeyGeneration.go:93.36,95.18 1 0
github.com/substantialcattle5/sietch/internal/validation/HandleKeyGeneration.go:96.10,97.76 1 1
github.com/substantialcattle5/sietch/internal/validation/HandleKeyGeneration.go:101.108,103.22 2 1
github.com/substantialcattle5/sietch/internal/validation/HandleKeyGeneration.go:103.22,105.3 1 1
github.com/substantialcattle5/sietch/internal/validation/HandleKeyGeneration.go:108.2,128.16 3 1
github.com/substantialcattle5/sietch/internal/validation/HandleKeyGeneration.go:128.16,130.3 1 0
github.com/substantialcattle5/sietch/internal/validation/HandleKeyGeneration.go:133.2,133.46 1 1
github.com/substantialcattle5/sietch/internal/validation/HandleKeyGeneration.go:133.46,135.3 1 0
github.com/substantialcattle5/sietch/internal/validation/HandleKeyGeneration.go:137.2,137.23 1 1
github.com/substantialcattle5/sietch/internal/validation/HandleKeyGeneration.go:140.113,142.23 2 0
github.com/substantialcattle5/sietch/internal/validation/HandleKeyGeneration.go:142.23,144.3 1 0
github.com/substantialcattle5/sietch/internal/validation/HandleKeyGeneration.go:147.2,166.16 3 0
github.com/substantialcattle5/sietch/internal/validation/HandleKeyGeneration.go:166.16,168.3 1 0
github.com/substantialcattle5/sietch/internal/validation/HandleKeyGeneration.go:170.2,170.23 1 0
github.com/substantialcattle5/sietch/internal/validation/HandleKeyGeneration.go:173.92,175.34 1 0
github.com/substantialcattle5/sietch/internal/validation/HandleKeyGeneration.go:175.34,177.3 1 0
github.com/substantialcattle5/sietch/internal/validation/HandleKeyGeneration.go:181.2,182.16 2 0
github.com/substantialcattle5/sietch/internal/validation/HandleKeyGeneration.go:182.16,184.3 1 0
github.com/substantialcattle5/sietch/internal/validation/HandleKeyGeneration.go:186.2,186.20 1 0
github.com/substantialcattle5/sietch/internal/validation/HandleKeyGeneration.go:186.20,188.3 1 0
github.com/substantialcattle5/sietch/internal/validation/HandleKeyGeneration.go:192.2,205.16 5 0
github.com/substantialcattle5/sietch/internal/validation/HandleKeyGeneration.go:205.16,207.3 1 0
github.com/substantialcattle5/sietch/internal/validation/HandleKeyGeneration.go:209.2,209.23 1 0
github.com/substantialcattle5/sietch/internal/validation/ValidateAndPrepareInputs.go:8.127,16.24 3 1
github.com/substantialcattle5/sietch/internal/validation/ValidateAndPrepareInputs.go:16.24,19.3 1 1
github.com/substantialcattle5/sietch/internal/validation/ValidateAndPrepareInputs.go:22.2,22.22 1 1
github.com/substantialcattle5/sietch/internal/validation/ValidateAndPrepareInputs.go:22.22,25.3 1 1
github.com/substantialcattle5/sietch/internal/validation/ValidateAndPrepareInputs.go:27.2,27.26 1 1
github.com/substantialcattle5/sietch/internal/validation/ValidateAndPrepareInputs.go:31.43,33.18 1 1
github.com/substantialcattle5/sietch/internal/validation/ValidateAndPrepareInputs.go:33.18,35.3 1 1
github.com/substantialcattle5/sietch/internal/validation/ValidateAndPrepareInputs.go:38.2,45.18 4 1
github.com/substantialcattle5/sietch/internal/validation/ValidateAndPrepareInputs.go:45.18,47.3 1 1
github.com/substantialcattle5/sietch/internal/validation/ValidateAndPrepareInputs.go:50.2,50.23 1 1
github.com/substantialcattle5/sietch/internal/validation/ValidateAndPrepareInputs.go:50.23,52.3 1 1
github.com/substantialcattle5/sietch/internal/validation/ValidateAndPrepareInputs.go:54.2,54.15 1 1
github.com/substantialcattle5/sietch/internal/validation/ValidateAndPrepareInputs.go:58.43,60.17 1 1
github.com/substantialcattle5/sietch/internal/validation/ValidateAndPrepareInputs.go:60.17,62.3 1 1
github.com/substantialcattle5/sietch/internal/validation/ValidateAndPrepareInputs.go:65.2,65.20 1 1
github.com/substantialcattle5/sietch/internal/validation/ValidateAndPrepareInputs.go:65.20,67.3 1 1
github.com/substantialcattle5/sietch/internal/validation/ValidateAndPrepareInputs.go:70.2,71.27 2 1
github.com/substantialcattle5/sietch/internal/validation/ValidateAndPrepareInputs.go:71.27,80.16 4 1
github.com/substantialcattle5/sietch/internal/validation/ValidateAndPrepareInputs.go:80.16,82.4 1 1
github.com/substantialcattle5/sietch/internal/validation/ValidateAndPrepareInputs.go:85.2,85.18 1 1
github.com/substantialcattle5/sietch/internal/encryption/keys/gpgKeys.go:8.43,14.61 2 0
github.com/substantialcattle5/sietch/internal/encryption/keys/gpgKeys.go:14.61,16.3 1 0
github.com/substantialcattle5/sietch/internal/encryption/keys/gpgKeys.go:18.2,18.12 1 0
github.com/substantialcattle5/sietch/internal/encryption/keys/rsa.go:18.74,20.17 2 1
github.com/substantialcattle5/sietch/internal/encryption/keys/rsa.go:20.17,22.3 1 1
github.com/substantialcattle5/sietch/internal/encryption/keys/rsa.go:25.2,26.16 2 1
github.com/substantialcattle5/sietch/internal/encryption/keys/rsa.go:26.16,28.3 1 0
github.com/substantialcattle5/sietch/internal/encryption/keys/rsa.go:31.2,31.45 1 1
github.com/substantialcattle5/sietch/internal/encryption/keys/rsa.go:31.45,33.3 1 0
github.com/substantialcattle5/sietch/internal/encryption/keys/rsa.go:36.2,37.51 2 1
github.com/substantialcattle5/sietch/internal/encryption/keys/rsa.go:37.51,39.3 1 0
github.com/substantialcattle5/sietch/internal/encryption/keys/rsa.go:42.2,57.16 8 1
github.com/substantialcattle5/sietch/internal/encryption/keys/rsa.go:57.16,59.3 1 0
github.com/substantialcattle5/sietch/internal/encryption/keys/rsa.go:60.2,62.67 2 1
github.com/substantialcattle5/sietch/internal/encryption/keys/rsa.go:62.67,64.3 1 0
github.com/substantialcattle5/sietch/internal/encryption/keys/rsa.go:67.2,68.16 2 1
github.com/substantialcattle5/sietch/internal/encryption/keys/rsa.go:68.16,70.3 1 0
github.com/substantialcattle5/sietch/internal/encryption/keys/rsa.go:72.2,78.16 3 1
github.com/substantialcattle5/sietch/internal/encryption/keys/rsa.go:78.16,80.3 1 0
github.com/substantialcattle5/sietch/internal/encryption/keys/rsa.go:81.2,83.65 2 1
github.com/substantialcattle5/sietch/internal/encryption/keys/rsa.go:83.65,85.3 1 0
github.com/substantialcattle5/sietch/internal/encryption/keys/rsa.go:88.2,89.16 2 1
github.com/substantialcattle5/sietch/internal/encryption/keys/rsa.go:89.16,91.3 1 0
github.com/substantialcattle5/sietch/internal/encryption/keys/rsa.go:94.2,103.12 8 1
github.com/substantialcattle5/sietch/internal/encryption/keys/rsa.go:107.125,111.16 3 1
github.com/substantialcattle5/sietch/internal/encryption/keys/rsa.go:111.16,113.3 1 1
github.com/substantialcattle5/sietch/internal/encryption/keys/rsa.go:116.2,117.16 2 1
github.com/substantialcattle5/sietch/internal/encryption/keys/rsa.go:117.16,119.3 1 0
github.com/substantialcattle5/sietch/internal/encryption/keys/rsa.go:122.2,124.16 3 1
github.com/substantialcattle5/sietch/internal/encryption/keys/rsa.go:124.16,126.3 1 0
github.com/substantialcattle5/sietch/internal/encryption/keys/rsa.go:129.2,130.16 2 1
github.com/substantialcattle5/sietch/internal/encryption/keys/rsa.go:130.16,132.3 1 0
github.com/substantialcattle5/sietch/internal/encryption/keys/rsa.go:135.2,143.49 2 1
github.com/substantialcattle5/sietch/internal/encryption/keys/rsa.go:147.73,149.53 2 1
github.com/substantialcattle5/sietch/internal/encryption/keys/rsa.go:149.53,151.3 1 1
github.com/substantialcattle5/sietch/internal/encryption/keys/rsa.go:153.2,154.16 2 1
github.com/substantialcattle5/sietch/internal/encryption/keys/rsa.go:154.16,156.3 1 0
github.com/substantialcattle5/sietch/internal/encryption/keys/rsa.go:158.2,158.24 1 1
github.com/substantialcattle5/sietch/internal/encryption/keys/rsa.go:162.71,164.48 2 1
github.com/substantialcattle5/sietch/internal/encryption/keys/rsa.go:164.48,166.3 1 1
github.com/substantialcattle5/sietch/internal/encryption/keys/rsa.go:168.2,169.16 2 1
github.com/substantialcattle5/sietch/internal/encryption/keys/rsa.go:169.16,171.3 1 0
github.com/substantialcattle5/sietch/internal/encryption/keys/rsa.go:173.2,174.9 2 1
github.com/substantialcattle5/sietch/internal/encryption/keys/rsa.go:174.9,176.3 1 0
github.com/substantialcattle5/sietch/internal/encryption/keys/rsa.go:178.2,178.23 1 1
github.com/substantialcattle5/sietch/internal/encryption/keys/rsa.go:182.66,189.2 3 1
github.com/substantialcattle5/sietch/internal/encryption/keys/rsa.go:192.72,194.16 2 1
github.com/substantialcattle5/sietch/internal/encryption/keys/rsa.go:194.16,196.3 1 0
github.com/substantialcattle5/sietch/internal/encryption/keys/rsa.go:198.2,202.48 2 1
github.com/substantialcattle5/sietch/internal/encryption/keys/rsa.go:206.75,208.16 2 1
github.com/substantialcattle5/sietch/internal/encryption/keys/rsa.go:208.16,210.3 1 0
github.com/substantialcattle5/sietch/internal/encryption/keys/rsa.go:212.2,214.25 3 1
github.com/substantialcattle5/sietch/internal/encryption/keys/rsa.go:218.85,220.46 1 1
github.com/substantialcattle5/sietch/internal/encryption/keys/rsa.go:220.46,222.3 1 1
github.com/substantialcattle5/sietch/internal/encryption/keys/rsa.go:225.2,230.48 5 1
github.com/substantialcattle5/sietch/internal/encryption/keys/rsa.go:230.48,232.3 1 1
github.com/substantialcattle5/sietch/internal/encryption/keys/rsa.go:234.2,234.12 1 1
github.com/substantialcattle5/sietch/internal/encryption/keys/rsa.go:238.80,239.17 1 1
github.com/substantialcattle5/sietch/internal/encryption/keys/rsa.go:239.17,241.3 1 1
github.com/substantialcattle5/sietch/internal/encryption/keys/rsa.go:243.2,244.16 2 1
github.com/substantialcattle5/sietch/internal/encryption/keys/rsa.go:244.16,246.3 1 0
github.com/substantialcattle5/sietch/internal/encryption/keys/rsa.go:248.2,248.47 1 1
github.com/substantialcattle5/sietch/internal/encryption/keys/rsa.go:252.72,254.16 2 1
github.com/substantialcattle5/sietch/internal/encryption/keys/rsa.go:254.16,256.3 1 0
github.com/substantialcattle5/sietch/internal/encryption/keys/rsa.go:259.2,262.25 3 1
github.com/substantialcattle5/sietch/internal/encryption/keys/rsa.go:266.72,268.16 2 1
github.com/substantialcattle5/sietch/internal/encryption/keys/rsa.go:268.16,270.3 1 0
github.com/substantialcattle5/sietch/internal/encryption/keys/rsa.go:272.2,277.48 2 1
github.com/substantialcattle5/sietch/util/HumanReadableSize.go:5.44,7.18 2 1
github.com/substantialcattle5/sietch/util/HumanReadableSize.go:7.18,9.3 1 1
github.com/substantialcattle5/sietch/util/HumanReadableSize.go:10.2,11.46 2 1
github.com/substantialcattle5/sietch/util/HumanReadableSize.go:11.46,14.3 2 1
github.com/substantialcattle5/sietch/util/HumanReadableSize.go:15.2,15.76 1 1
github.com/substantialcattle5/sietch/util/ParseChunkSize.go:10.54,11.21 1 1
github.com/substantialcattle5/sietch/util/ParseChunkSize.go:11.21,13.3 1 1
github.com/substantialcattle5/sietch/util/ParseChunkSize.go:16.2,19.23 3 1
github.com/substantialcattle5/sietch/util/ParseChunkSize.go:19.23,21.3 1 1
github.com/substantialcattle5/sietch/util/ParseChunkSize.go:24.2,25.16 2 1
github.com/substantialcattle5/sietch/util/ParseChunkSize.go:25.16,27.3 1 0
github.com/substantialcattle5/sietch/util/ParseChunkSize.go:30.2,33.14 3 1
github.com/substantialcattle5/sietch/util/ParseChunkSize.go:34.24,35.17 1 1
github.com/substantialcattle5/sietch/util/ParseChunkSize.go:36.30,37.20 1 1
github.com/substantialcattle5/sietch/util/ParseChunkSize.go:38.30,39.27 1 1
github.com/substantialcattle5/sietch/util/ParseChunkSize.go:40.30,41.34 1 1
github.com/substantialcattle5/sietch/util/ParseChunkSize.go:42.30,43.41 1 1
github.com/substantialcattle5/sietch/util/ParseChunkSize.go:44.10,45.53 1 1
github.com/substantialcattle5/sietch/util/ParseChunkSize.go:49.2,51.16 2 1
github.com/substantialcattle5/sietch/util/ParseChunkSize.go:51.16,53.3 1 1
github.com/substantialcattle5/sietch/util/ParseChunkSize.go:55.2,55.20 1 1
github.com/substantialcattle5/sietch/test/e2e/helpers.go:22.44,36.2 4 1
github.com/substantialcattle5/sietch/test/e2e/helpers.go:39.40,47.47 4 1
github.com/substantialcattle5/sietch/test/e2e/helpers.go:47.47,49.3 1 1
github.com/substantialcattle5/sietch/test/e2e/helpers.go:52.2,56.16 5 0
github.com/substantialcattle5/sietch/test/e2e/helpers.go:56.16,58.3 1 0
github.com/substantialcattle5/sietch/test/e2e/helpers.go:60.2,60.19 1 0
github.com/substantialcattle5/sietch/test/e2e/helpers.go:64.42,69.16 3 1
github.com/substantialcattle5/sietch/test/e2e/helpers.go:69.16,71.3 1 0
github.com/substantialcattle5/sietch/test/e2e/helpers.go:73.2,73.6 1 1
github.com/substantialcattle5/sietch/test/e2e/helpers.go:73.6,74.66 1 1
github.com/substantialcattle5/sietch/test/e2e/helpers.go:74.66,76.4 1 1
github.com/substantialcattle5/sietch/test/e2e/helpers.go:78.3,79.20 2 1
github.com/substantialcattle5/sietch/test/e2e/helpers.go:79.20,81.4 1 0
github.com/substantialcattle5/sietch/test/e2e/helpers.go:82.3,82.15 1 1
github.com/substantialcattle5/sietch/test/e2e/helpers.go:87.85,94.2 4 1
github.com/substantialcattle5/sietch/test/e2e/helpers.go:97.116,104.2 4 1
github.com/substantialcattle5/sietch/test/e2e/helpers.go:107.78,114.2 4 1
github.com/substantialcattle5/sietch/test/e2e/helpers.go:117.97,132.37 10 1
github.com/substantialcattle5/sietch/test/e2e/helpers.go:132.37,136.19 4 0
github.com/substantialcattle5/sietch/test/e2e/helpers.go:136.19,138.4 1 0
github.com/substantialcattle5/sietch/test/e2e/helpers.go:139.3,139.19 1 0
github.com/substantialcattle5/sietch/test/e2e/helpers.go:139.19,141.4 1 0
github.com/substantialcattle5/sietch/test/e2e/helpers.go:144.2,144.28 1 1
github.com/substantialcattle5/sietch/test/e2e/helpers.go:148.83,155.47 4 1
github.com/substantialcattle5/sietch/test/e2e/helpers.go:155.47,157.3 1 0
github.com/substantialcattle5/sietch/test/e2e/helpers.go:160.2,160.70 1 1
github.com/substantialcattle5/sietch/test/e2e/helpers.go:160.70,162.3 1 0
github.com/substantialcattle5/sietch/test/e2e/helpers.go:164.2,164.17 1 1
github.com/substantialcattle5/sietch/test/e2e/helpers.go:168.94,175.47 4 1
github.com/substantialcattle5/sietch/test/e2e/helpers.go:175.47,177.3 1 0
github.com/substantialcattle5/sietch/test/e2e/helpers.go:180.2,181.16 2 1
github.com/substantialcattle5/sietch/test/e2e/helpers.go:181.16,183.3 1 0
github.com/substantialcattle5/sietch/test/e2e/helpers.go:184.2,189.20 4 1
github.com/substantialcattle5/sietch/test/e2e/helpers.go:189.20,191.26 2 1
github.com/substantialcattle5/sietch/test/e2e/helpers.go:191.26,193.4 1 1
github.com/substantialcattle5/sietch/test/e2e/helpers.go:194.3,194.53 1 1
github.com/substantialcattle5/sietch/test/e2e/helpers.go:194.53,196.4 1 0
github.com/substantialcattle5/sietch/test/e2e/helpers.go:197.3,197.23 1 1
github.com/substantialcattle5/sietch/test/e2e/helpers.go:200.2,200.17 1 1
github.com/substantialcattle5/sietch/test/e2e/helpers.go:204.75,207.41 2 1
github.com/substantialcattle5/sietch/test/e2e/helpers.go:207.41,210.3 1 0
github.com/substantialcattle5/sietch/test/e2e/helpers.go:214.80,217.42 2 1
github.com/substantialcattle5/sietch/test/e2e/helpers.go:217.42,220.3 1 0
github.com/substantialcattle5/sietch/test/e2e/helpers.go:224.76,227.16 2 1
github.com/substantialcattle5/sietch/test/e2e/helpers.go:227.16,229.3 1 0
github.com/substantialcattle5/sietch/test/e2e/helpers.go:233.66,236.16 2 1
github.com/substantialcattle5/sietch/test/e2e/helpers.go:236.16,238.3 1 0
github.com/substantialcattle5/sietch/test/e2e/helpers.go:242.86,249.29 4 1
github.com/substantialcattle5/sietch/test/e2e/helpers.go:249.29,251.20 2 1
github.com/substantialcattle5/sietch/test/e2e/helpers.go:251.20,252.12 1 0
github.com/substantialcattle5/sietch/test/e2e/helpers.go:255.3,257.43 1 1
github.com/substantialcattle5/sietch/test/e2e/helpers.go:257.43,258.12 1 0
github.com/substantialcattle5/sietch/test/e2e/helpers.go:260.3,260.14 1 1
github.com/substantialcattle5/sietch/test/e2e/helpers.go:263.2,263.32 1 1
github.com/substantialcattle5/sietch/test/e2e/helpers.go:263.32,266.3 1 0
github.com/substantialcattle5/sietch/test/e2e/helpers.go:270.47,283.2 6 1
github.com/substantialcattle5/sietch/test/e2e/helpers.go:288.76,295.39 3 1
github.com/substantialcattle5/sietch/test/e2e/helpers.go:295.39,304.3 3 1
github.com/substantialcattle5/sietch/test/e2e/helpers.go:306.2,306.14 1 1
